Using pre-set license
Built from '2020.3/staging' branch; Version is '2020.3.33f1 (915a7af8b0d5) revision 9525882'; Using compiler version '192528614'; Build Type 'Release'
OS: 'Windows 10  (10.0.19045) 64bit Education' Language: 'en' Physical Memory: 16075 MB
BatchMode: 1, IsHumanControllingUs: 0, StartBugReporterOnCrash: 0, Is64bit: 1, IsPro: 0

COMMAND LINE ARGUMENTS:
C:\Program Files\Unity\Hub\Editor\2020.3.33f1\Editor\Unity.exe
-adb2
-batchMode
-noUpm
-name
AssetImportWorker0
-projectPath
C:/Users/21027757/Downloads/Android-HARP
-logFile
Logs/AssetImportWorker0.log
-srvPort
51445
Successfully changed project path to: C:/Users/21027757/Downloads/Android-HARP
C:/Users/21027757/Downloads/Android-HARP
Using Asset Import Pipeline V2.
Refreshing native plugins compatible for Editor in 228.21 ms, found 12 plugins.
Preloading 0 native plugins for Editor in 0.00 ms.
Initialize engine version: 2020.3.33f1 (915a7af8b0d5)
[Subsystems] Discovering subsystems at path C:/Program Files/Unity/Hub/Editor/2020.3.33f1/Editor/Data/Resources/UnitySubsystems
[Subsystems] Discovering subsystems at path C:/Users/21027757/Downloads/Android-HARP/Assets
GfxDevice: creating device client; threaded=0
Direct3D:
    Version:  Direct3D 11.0 [level 11.1]
    Renderer: NVIDIA GeForce MX350 (ID=0x1c94)
    Vendor:   
    VRAM:     1979 MB
    Driver:   30.0.15.1169
Initialize mono
Mono path[0] = 'C:/Program Files/Unity/Hub/Editor/2020.3.33f1/Editor/Data/Managed'
Mono path[1] = 'C:/Program Files/Unity/Hub/Editor/2020.3.33f1/Editor/Data/MonoBleedingEdge/lib/mono/unityjit'
Mono config path = 'C:/Program Files/Unity/Hub/Editor/2020.3.33f1/Editor/Data/MonoBleedingEdge/etc'
Using monoOptions --debugger-agent=transport=dt_socket,embedding=1,server=y,suspend=n,address=127.0.0.1:56460
Begin MonoManager ReloadAssembly
Registering precompiled unity dll's ...
Register platform support module: C:/Program Files/Unity/Hub/Editor/2020.3.33f1/Editor/Data/PlaybackEngines/WindowsStandaloneSupport/UnityEditor.WindowsStandalone.Extensions.dll
Registered in 0.002342 seconds.
Native extension for WindowsStandalone target not found
Refreshing native plugins compatible for Editor in 62.35 ms, found 12 plugins.
Preloading 0 native plugins for Editor in 0.00 ms.
Mono: successfully reloaded assembly
- Completed reload, in  0.719 seconds
Domain Reload Profiling:
	ReloadAssembly (720ms)
		BeginReloadAssembly (59ms)
			ExecutionOrderSort (0ms)
			DisableScriptedObjects (0ms)
			BackupInstance (0ms)
			ReleaseScriptingObjects (0ms)
			CreateAndSetChildDomain (1ms)
		EndReloadAssembly (503ms)
			LoadAssemblies (56ms)
			RebuildTransferFunctionScriptingTraits (0ms)
			SetupTypeCache (205ms)
			ReleaseScriptCaches (0ms)
			RebuildScriptCaches (29ms)
			SetupLoadedEditorAssemblies (160ms)
				LogAssemblyErrors (0ms)
				InitializePlatformSupportModulesInManaged (3ms)
				SetLoadedEditorAssemblies (0ms)
				RefreshPlugins (62ms)
				BeforeProcessingInitializeOnLoad (13ms)
				ProcessInitializeOnLoadAttributes (54ms)
				ProcessInitializeOnLoadMethodAttributes (26ms)
				AfterProcessingInitializeOnLoad (0ms)
				EditorAssembliesLoaded (0ms)
			ExecutionOrderSort2 (0ms)
			AwakeInstancesAfterBackupRestoration (0ms)
Platform modules already initialized, skipping
Registering precompiled user dll's ...
Registered in 0.266214 seconds.
Begin MonoManager ReloadAssembly
Symbol file LoadedFromMemory doesn't match image C:\Users\21027757\Downloads\Android-HARP\Library\PackageCache\com.unity.collab-proxy@1.15.15\Lib\Editor\PlasticSCM\unityplastic.dll
Native extension for WindowsStandalone target not found
Refreshing native plugins compatible for Editor in 56.05 ms, found 12 plugins.
Preloading 0 native plugins for Editor in 0.00 ms.
[XR] [MROpenXR][Info   ][09:25:59.415593][tid:4b04] MeshProvider_RegisterLifecycleProvider
[XR] [MROpenXR][Info   ][09:25:59.415593][tid:4b04] MeshProvider_RegisterLifecycleProvider
[XR] [MROpenXR][Info   ][09:25:59.415657][tid:4b04] InputProvider_RegisterLifecycleProvider
[XR] [MROpenXR][Info   ][09:25:59.415657][tid:4b04] InputProvider_RegisterLifecycleProvider
[XR] Error loading subsystem: Display (1) (header mismatch?)
[XR] [MROpenXR][Info   ][09:25:59.417516][tid:4b04] OnPluginStarted UnityVersion=2020.3.33f1 OpenXRPluginVersion=1.5.3 MROpenXRPluginVersion=1.8.0.0 PartA_PrivTags=33554432
[XR] [MROpenXR][Info   ][09:25:59.417516][tid:4b04] OnPluginStarted UnityVersion=2020.3.33f1 OpenXRPluginVersion=1.5.3 MROpenXRPluginVersion=1.8.0.0 PartA_PrivTags=33554432
Mono: successfully reloaded assembly
- Completed reload, in  2.379 seconds
Domain Reload Profiling:
	ReloadAssembly (2381ms)
		BeginReloadAssembly (129ms)
			ExecutionOrderSort (0ms)
			DisableScriptedObjects (4ms)
			BackupInstance (0ms)
			ReleaseScriptingObjects (0ms)
			CreateAndSetChildDomain (16ms)
		EndReloadAssembly (2200ms)
			LoadAssemblies (122ms)
			RebuildTransferFunctionScriptingTraits (0ms)
			SetupTypeCache (243ms)
			ReleaseScriptCaches (0ms)
			RebuildScriptCaches (68ms)
			SetupLoadedEditorAssemblies (1666ms)
				LogAssemblyErrors (0ms)
				InitializePlatformSupportModulesInManaged (3ms)
				SetLoadedEditorAssemblies (0ms)
				RefreshPlugins (56ms)
				BeforeProcessingInitializeOnLoad (100ms)
				ProcessInitializeOnLoadAttributes (1449ms)
				ProcessInitializeOnLoadMethodAttributes (46ms)
				AfterProcessingInitializeOnLoad (11ms)
				EditorAssembliesLoaded (0ms)
			ExecutionOrderSort2 (0ms)
			AwakeInstancesAfterBackupRestoration (6ms)
Platform modules already initialized, skipping
========================================================================
Worker process is ready to serve import requests
Launched and connected shader compiler UnityShaderCompiler.exe after 0.05 seconds
Refreshing native plugins compatible for Editor in 0.97 ms, found 12 plugins.
Preloading 0 native plugins for Editor in 0.00 ms.
Unloading 3916 Unused Serialized files (Serialized files now loaded: 0)
System memory in use before: 151.3 MB.
System memory in use after: 151.5 MB.

Unloading 50 unused Assets to reduce memory usage. Loaded Objects now: 4374.
Total: 3.512700 ms (FindLiveObjects: 0.220600 ms CreateObjectMapping: 0.088300 ms MarkObjects: 3.105500 ms  DeleteObjects: 0.097200 ms)

AssetImportParameters requested are different than current active one (requested -> active):
  custom:framework-win-MediaFoundation: 216162199b28c13a410421893ffa2e32 -> 
  custom:video-decoder-ogg-theora: a1e56fd34408186e4bbccfd4996cb3dc -> 
  custom:container-muxer-webm: aa71ff27fc2769a1b78a27578f13a17b -> 
  custom:container-demuxer-webm: 4f35f7cbe854078d1ac9338744f61a02 -> 
  custom:container-demuxer-ogg: 62fdf1f143b41e24485cea50d1cbac27 -> 
  custom:video-encoder-webm-vp8: eb34c28f22e8b96e1ab97ce403110664 -> 
  custom:video-decoder-webm-vp8: 9c59270c3fd7afecdb556c50c9e8de78 -> 
  custom:audio-decoder-ogg-vorbis: bf7c407c2cedff20999df2af8eb42d56 -> 
  custom:audio-encoder-webm-vorbis: bf7c407c2cedff20999df2af8eb42d56 -> 
========================================================================
Received Import Request.
  path: Assets/FaceDetector/Face Label.prefab
  artifactKey: Guid(2531761569319894b88d53929605f446) Importer(815301076,1909f56bfc062723c751e8b465ee728b)
Start importing Assets/FaceDetector/Face Label.prefab using Guid(2531761569319894b88d53929605f446) Importer(815301076,1909f56bfc062723c751e8b465ee728b)  -> (artifact id: '0785b6059812e137f6bc881300ba06c7') in 0.203528 seconds 
========================================================================
Received Import Request.
  Time since last request: 0.000321 seconds.
  path: Assets/FaceDetector/Simple Line ToolTip(Clone).prefab
  artifactKey: Guid(220df3101498d5443a392790b9aee91c) Importer(815301076,1909f56bfc062723c751e8b465ee728b)
Start importing Assets/FaceDetector/Simple Line ToolTip(Clone).prefab using Guid(220df3101498d5443a392790b9aee91c) Importer(815301076,1909f56bfc062723c751e8b465ee728b)  -> (artifact id: '43d578d74c4c472ae71949046fb67387') in 0.039353 seconds 
========================================================================
Received Import Request.
  Time since last request: 0.000469 seconds.
  path: Assets/FaceDetector/PressableButtonHoloLens2_32x96(Clone).prefab
  artifactKey: Guid(58b88e78971a45041b05e5cbb67a6336) Importer(815301076,1909f56bfc062723c751e8b465ee728b)
Start importing Assets/FaceDetector/PressableButtonHoloLens2_32x96(Clone).prefab using Guid(58b88e78971a45041b05e5cbb67a6336) Importer(815301076,1909f56bfc062723c751e8b465ee728b)  -> (artifact id: '62e84df9e683d51ed1576b58c6d2d81c') in 0.333171 seconds 
========================================================================
Received Import Request.
  Time since last request: 15.467035 seconds.
  path: Assets/MainMenu.unity
  artifactKey: Guid(6ccbb0f34b23e70439f8656fffacf464) Importer(815301076,1909f56bfc062723c751e8b465ee728b)
Start importing Assets/MainMenu.unity using Guid(6ccbb0f34b23e70439f8656fffacf464) Importer(815301076,1909f56bfc062723c751e8b465ee728b)  -> (artifact id: '8427dc0f3b9fee6bf0487ac2d1e1ef5b') in 0.012819 seconds 
========================================================================
Received Import Request.
  Time since last request: 54.734071 seconds.
  path: Assets/FaceDetector/FaceDetector.unity
  artifactKey: Guid(97a8946db1385fa4d99c2deb965b2706) Importer(815301076,1909f56bfc062723c751e8b465ee728b)
Start importing Assets/FaceDetector/FaceDetector.unity using Guid(97a8946db1385fa4d99c2deb965b2706) Importer(815301076,1909f56bfc062723c751e8b465ee728b)  -> (artifact id: 'e7f7b0230bc05a4d7fa61881b2799954') in 0.012660 seconds 
========================================================================
Received Import Request.
  Time since last request: 4320.967809 seconds.
  path: Assets/MainMenu.unity
  artifactKey: Guid(6ccbb0f34b23e70439f8656fffacf464) Importer(815301076,1909f56bfc062723c751e8b465ee728b)
Start importing Assets/MainMenu.unity using Guid(6ccbb0f34b23e70439f8656fffacf464) Importer(815301076,1909f56bfc062723c751e8b465ee728b)  -> (artifact id: 'a80093693a1b7129675b482213a91a25') in 0.043189 seconds 
========================================================================
Received Import Request.
  Time since last request: 1006.527641 seconds.
  path: Assets/ChangeableMat.mat
  artifactKey: Guid(a0696f4b71dc2ed489454e9fd0433d61) Importer(815301076,1909f56bfc062723c751e8b465ee728b)
Start importing Assets/ChangeableMat.mat using Guid(a0696f4b71dc2ed489454e9fd0433d61) Importer(815301076,1909f56bfc062723c751e8b465ee728b)  -> (artifact id: '9870b1fab0163d1ea9bbe3e6287560fe') in 0.723025 seconds 
========================================================================
Received Prepare
Registering precompiled user dll's ...
Registered in 1.053708 seconds.
Begin MonoManager ReloadAssembly
Symbol file LoadedFromMemory doesn't match image C:\Users\21027757\Downloads\Android-HARP\Library\PackageCache\com.unity.collab-proxy@1.15.15\Lib\Editor\PlasticSCM\unityplastic.dll
Native extension for WindowsStandalone target not found
Refreshing native plugins compatible for Editor in 5.45 ms, found 12 plugins.
Preloading 0 native plugins for Editor in 0.00 ms.
Mono: successfully reloaded assembly
- Completed reload, in  9.468 seconds
Domain Reload Profiling:
	ReloadAssembly (9478ms)
		BeginReloadAssembly (1036ms)
			ExecutionOrderSort (0ms)
			DisableScriptedObjects (44ms)
			BackupInstance (0ms)
			ReleaseScriptingObjects (0ms)
			CreateAndSetChildDomain (498ms)
		EndReloadAssembly (8144ms)
			LoadAssemblies (605ms)
			RebuildTransferFunctionScriptingTraits (0ms)
			SetupTypeCache (1221ms)
			ReleaseScriptCaches (3ms)
			RebuildScriptCaches (152ms)
			SetupLoadedEditorAssemblies (5282ms)
				LogAssemblyErrors (0ms)
				InitializePlatformSupportModulesInManaged (12ms)
				SetLoadedEditorAssemblies (2ms)
				RefreshPlugins (6ms)
				BeforeProcessingInitializeOnLoad (534ms)
				ProcessInitializeOnLoadAttributes (4583ms)
				ProcessInitializeOnLoadMethodAttributes (107ms)
				AfterProcessingInitializeOnLoad (36ms)
				EditorAssembliesLoaded (1ms)
			ExecutionOrderSort2 (0ms)
			AwakeInstancesAfterBackupRestoration (29ms)
Platform modules already initialized, skipping
Switching build target platform(19) subTarget(0) extendedPlatform(0) -> platform(13) subTarget(524288) extendedPlatform(0)
Refreshing native plugins compatible for Editor in 3.74 ms, found 12 plugins.
Preloading 0 native plugins for Editor in 0.00 ms.
Unloading 3865 Unused Serialized files (Serialized files now loaded: 0)
System memory in use before: 151.2 MB.
System memory in use after: 151.4 MB.

Unloading 45 unused Assets to reduce memory usage. Loaded Objects now: 4419.
Total: 16.808400 ms (FindLiveObjects: 0.747600 ms CreateObjectMapping: 1.094800 ms MarkObjects: 14.764700 ms  DeleteObjects: 0.197200 ms)

AssetImportParameters requested are different than current active one (requested -> active):
  custom:framework-win-MediaFoundation: 216162199b28c13a410421893ffa2e32 -> 
  custom:video-decoder-ogg-theora: a1e56fd34408186e4bbccfd4996cb3dc -> 
  custom:container-muxer-webm: aa71ff27fc2769a1b78a27578f13a17b -> 
  custom:container-demuxer-webm: 4f35f7cbe854078d1ac9338744f61a02 -> 
  custom:container-demuxer-ogg: 62fdf1f143b41e24485cea50d1cbac27 -> 
  custom:video-encoder-webm-vp8: eb34c28f22e8b96e1ab97ce403110664 -> 
  custom:video-decoder-webm-vp8: 9c59270c3fd7afecdb556c50c9e8de78 -> 
  custom:graphics/normal-map-encoding: 01000000000000000000000000000000 -> 02000000000000000000000000000000
  custom:audio-decoder-ogg-vorbis: bf7c407c2cedff20999df2af8eb42d56 -> 
  custom:audio-encoder-webm-vorbis: bf7c407c2cedff20999df2af8eb42d56 -> 
========================================================================
Received Import Request.
  Time since last request: 827.550931 seconds.
  path: Assets/From Joseph/Shared
  artifactKey: Guid(2f783f7e41c3ff74aa01493c6e96e3c9) Importer(815301076,1909f56bfc062723c751e8b465ee728b)
Start importing Assets/From Joseph/Shared using Guid(2f783f7e41c3ff74aa01493c6e96e3c9) Importer(815301076,1909f56bfc062723c751e8b465ee728b)  -> (artifact id: '4e7a1ef5ae4ee5db7c9a4bd6379e95a3') in 0.027526 seconds 
========================================================================
Received Import Request.
  Time since last request: 81.474509 seconds.
  path: Packages/com.unity.inputsystem/InputSystem/Editor/AssetEditor/Resources/pro/actionTreeBackground.png
  artifactKey: Guid(c4b66e31395c54087a2fbc13ae7e0f3c) Importer(815301076,1909f56bfc062723c751e8b465ee728b)
Start importing Packages/com.unity.inputsystem/InputSystem/Editor/AssetEditor/Resources/pro/actionTreeBackground.png using Guid(c4b66e31395c54087a2fbc13ae7e0f3c) Importer(815301076,1909f56bfc062723c751e8b465ee728b)  -> (artifact id: '94b5240c862f5f557da6566bb99236df') in 0.202555 seconds 
========================================================================
Received Import Request.
  Time since last request: 0.000347 seconds.
  path: Packages/com.unity.inputsystem/InputSystem/Editor/Icons/Add Binding.png
  artifactKey: Guid(958a10dec4f3a4764bb345b0aa03510b) Importer(815301076,1909f56bfc062723c751e8b465ee728b)
Start importing Packages/com.unity.inputsystem/InputSystem/Editor/Icons/Add Binding.png using Guid(958a10dec4f3a4764bb345b0aa03510b) Importer(815301076,1909f56bfc062723c751e8b465ee728b)  -> (artifact id: 'c9e90b6638ab4b8dc3586f490ff941fe') in 0.035071 seconds 
========================================================================
Received Import Request.
  Time since last request: 0.000298 seconds.
  path: Packages/com.unity.inputsystem/InputSystem/Editor/AssetEditor/Resources/personal/actionTreeBackground.png
  artifactKey: Guid(ce5f11cd993284c4f9c54f854bdc8c9c) Importer(815301076,1909f56bfc062723c751e8b465ee728b)
Start importing Packages/com.unity.inputsystem/InputSystem/Editor/AssetEditor/Resources/personal/actionTreeBackground.png using Guid(ce5f11cd993284c4f9c54f854bdc8c9c) Importer(815301076,1909f56bfc062723c751e8b465ee728b)  -> (artifact id: '5e86322c2004c1ff2c10c37edbed01e9') in 0.026627 seconds 
========================================================================
Received Import Request.
  Time since last request: 0.000270 seconds.
  path: Packages/com.unity.inputsystem/InputSystem/Editor/Icons/Add Binding@3x.png
  artifactKey: Guid(8be1fbf4b24de44c99840805bdae9e40) Importer(815301076,1909f56bfc062723c751e8b465ee728b)
Start importing Packages/com.unity.inputsystem/InputSystem/Editor/Icons/Add Binding@3x.png using Guid(8be1fbf4b24de44c99840805bdae9e40) Importer(815301076,1909f56bfc062723c751e8b465ee728b)  -> (artifact id: 'a64f1f7e613234f712fc7275c7911160') in 0.029085 seconds 
========================================================================
Received Import Request.
  Time since last request: 0.000338 seconds.
  path: Packages/com.unity.inputsystem/InputSystem/Editor/Icons/Add Binding@2x.png
  artifactKey: Guid(bb5fa99d6e9434c9ebf101c956021ee1) Importer(815301076,1909f56bfc062723c751e8b465ee728b)
Start importing Packages/com.unity.inputsystem/InputSystem/Editor/Icons/Add Binding@2x.png using Guid(bb5fa99d6e9434c9ebf101c956021ee1) Importer(815301076,1909f56bfc062723c751e8b465ee728b)  -> (artifact id: 'd96e77a5b1acf226d7b8dc691cb7495d') in 0.029111 seconds 
========================================================================
Received Import Request.
  Time since last request: 0.000288 seconds.
  path: Packages/com.unity.inputsystem/InputSystem/Editor/Icons/Add Binding@4x.png
  artifactKey: Guid(862c5ca31844d4a6d9aa804af982ce65) Importer(815301076,1909f56bfc062723c751e8b465ee728b)
Start importing Packages/com.unity.inputsystem/InputSystem/Editor/Icons/Add Binding@4x.png using Guid(862c5ca31844d4a6d9aa804af982ce65) Importer(815301076,1909f56bfc062723c751e8b465ee728b)  -> (artifact id: '3c9db0fbd7f6528f0e503b27181d5c39') in 0.030279 seconds 
========================================================================
Received Import Request.
  Time since last request: 0.000310 seconds.
  path: Packages/com.unity.inputsystem/InputSystem/Editor/AssetEditor/Resources/personal/actionTreeBackgroundWithoutBorder.png
  artifactKey: Guid(cf632ed80bf1f46c980de6b1b8b903ef) Importer(815301076,1909f56bfc062723c751e8b465ee728b)
Start importing Packages/com.unity.inputsystem/InputSystem/Editor/AssetEditor/Resources/personal/actionTreeBackgroundWithoutBorder.png using Guid(cf632ed80bf1f46c980de6b1b8b903ef) Importer(815301076,1909f56bfc062723c751e8b465ee728b)  -> (artifact id: '8a4be4ce43dd8fd788d694d5372d6cee') in 0.028271 seconds 
========================================================================
Received Import Request.
  Time since last request: 0.000781 seconds.
  path: Packages/com.unity.inputsystem/InputSystem/Editor/AssetEditor/Resources/pro/actionTreeBackgroundWithoutBorder.png
  artifactKey: Guid(943deaaee9c9347e0a455aa208526c42) Importer(815301076,1909f56bfc062723c751e8b465ee728b)
Start importing Packages/com.unity.inputsystem/InputSystem/Editor/AssetEditor/Resources/pro/actionTreeBackgroundWithoutBorder.png using Guid(943deaaee9c9347e0a455aa208526c42) Importer(815301076,1909f56bfc062723c751e8b465ee728b)  -> (artifact id: '9e97eedf979675d8105caa7e218ba697') in 0.064694 seconds 
========================================================================
Received Import Request.
  Time since last request: 1.355235 seconds.
  path: Packages/com.unity.collab-proxy/Editor/Collaborate/Assets/Icons/added-file-dark.png
  artifactKey: Guid(1a4f52b613391cd449af3ad2e44affeb) Importer(815301076,1909f56bfc062723c751e8b465ee728b)
Start importing Packages/com.unity.collab-proxy/Editor/Collaborate/Assets/Icons/added-file-dark.png using Guid(1a4f52b613391cd449af3ad2e44affeb) Importer(815301076,1909f56bfc062723c751e8b465ee728b)  -> (artifact id: 'd8b6b19727bac7d8121bb2f22de65190') in 0.028607 seconds 
========================================================================
Received Import Request.
  Time since last request: 0.000458 seconds.
  path: Packages/com.unity.collab-proxy/Editor/Collaborate/Assets/Icons/added-file-dark@2x.png
  artifactKey: Guid(c223e0c507e2c6549a2cb97441b62cbe) Importer(815301076,1909f56bfc062723c751e8b465ee728b)
Start importing Packages/com.unity.collab-proxy/Editor/Collaborate/Assets/Icons/added-file-dark@2x.png using Guid(c223e0c507e2c6549a2cb97441b62cbe) Importer(815301076,1909f56bfc062723c751e8b465ee728b)  -> (artifact id: '171c4b9fe4fa175ee7ae30bc1d47568c') in 0.031146 seconds 
========================================================================
Received Import Request.
  Time since last request: 0.043456 seconds.
  path: Packages/com.unity.collab-proxy/Editor/Collaborate/Assets/Icons/added-file-light.png
  artifactKey: Guid(397fff6c3885f8343bb65714f0064b5d) Importer(815301076,1909f56bfc062723c751e8b465ee728b)
Start importing Packages/com.unity.collab-proxy/Editor/Collaborate/Assets/Icons/added-file-light.png using Guid(397fff6c3885f8343bb65714f0064b5d) Importer(815301076,1909f56bfc062723c751e8b465ee728b)  -> (artifact id: '612145087e5048e37ca76825bbec1178') in 0.026673 seconds 
========================================================================
Received Import Request.
  Time since last request: 0.000377 seconds.
  path: Assets/TextMesh Pro/Examples & Extras/Resources/Fonts & Materials/Anton SDF.asset
  artifactKey: Guid(8a89fa14b10d46a99122fd4f73fca9a2) Importer(815301076,1909f56bfc062723c751e8b465ee728b)
Start importing Assets/TextMesh Pro/Examples & Extras/Resources/Fonts & Materials/Anton SDF.asset using Guid(8a89fa14b10d46a99122fd4f73fca9a2) Importer(815301076,1909f56bfc062723c751e8b465ee728b)  -> (artifact id: '712cec39fbc2a66fb796f2f4fc1eaa72') in 0.110295 seconds 
========================================================================
Received Import Request.
  Time since last request: 0.000397 seconds.
  path: Packages/com.unity.xr.arfoundation/Editor/Icons/ARVR@4x.png
  artifactKey: Guid(e7df757aba3e54a11a832b1b8cbe5aaa) Importer(815301076,1909f56bfc062723c751e8b465ee728b)
Start importing Packages/com.unity.xr.arfoundation/Editor/Icons/ARVR@4x.png using Guid(e7df757aba3e54a11a832b1b8cbe5aaa) Importer(815301076,1909f56bfc062723c751e8b465ee728b)  -> (artifact id: '8df44f0c63c35008d601dd43d3a265ef') in 0.028589 seconds 
========================================================================
Received Import Request.
  Time since last request: 0.000321 seconds.
  path: Packages/com.unity.inputsystem/InputSystem/Editor/Icons/Axis@3x.png
  artifactKey: Guid(2e27a82b5cc4e4ef98cbef2d0b324aed) Importer(815301076,1909f56bfc062723c751e8b465ee728b)
Start importing Packages/com.unity.inputsystem/InputSystem/Editor/Icons/Axis@3x.png using Guid(2e27a82b5cc4e4ef98cbef2d0b324aed) Importer(815301076,1909f56bfc062723c751e8b465ee728b)  -> (artifact id: '117c7eee10cb360de52e7c4359dead6d') in 0.033701 seconds 
========================================================================
Received Import Request.
  Time since last request: 0.000333 seconds.
  path: Assets/Icons/PNGIcons/AlertSettings.png
  artifactKey: Guid(537cafc885bba5649ba1ef3534acc57c) Importer(815301076,1909f56bfc062723c751e8b465ee728b)
Start importing Assets/Icons/PNGIcons/AlertSettings.png using Guid(537cafc885bba5649ba1ef3534acc57c) Importer(815301076,1909f56bfc062723c751e8b465ee728b)  -> (artifact id: '89946af43e9e8310f15ee3d99e1e6cf5') in 0.074544 seconds 
========================================================================
Received Import Request.
  Time since last request: 0.000204 seconds.
  path: Packages/com.unity.inputsystem/InputSystem/Editor/Icons/Axis.png
  artifactKey: Guid(7e853779c8fed4ebf917a0de21c79602) Importer(815301076,1909f56bfc062723c751e8b465ee728b)
Start importing Packages/com.unity.inputsystem/InputSystem/Editor/Icons/Axis.png using Guid(7e853779c8fed4ebf917a0de21c79602) Importer(815301076,1909f56bfc062723c751e8b465ee728b)  -> (artifact id: '847ca2a51ba1771158b15f4886f6603c') in 0.033060 seconds 
========================================================================
Received Import Request.
  Time since last request: 0.000318 seconds.
  path: Packages/com.unity.collab-proxy/Editor/Collaborate/Assets/Icons/added-file-light@2x.png
  artifactKey: Guid(ec2e3aa6d0ab8ce4eac29b56d65d61d5) Importer(815301076,1909f56bfc062723c751e8b465ee728b)
Start importing Packages/com.unity.collab-proxy/Editor/Collaborate/Assets/Icons/added-file-light@2x.png using Guid(ec2e3aa6d0ab8ce4eac29b56d65d61d5) Importer(815301076,1909f56bfc062723c751e8b465ee728b)  -> (artifact id: '62b328c4485097fed0d4f0feed9501b6') in 0.028427 seconds 
========================================================================
Received Import Request.
  Time since last request: 0.000469 seconds.
  path: Packages/com.unity.inputsystem/InputSystem/Editor/Icons/Axis@2x.png
  artifactKey: Guid(d0006d51a864248adba0238883f8c71e) Importer(815301076,1909f56bfc062723c751e8b465ee728b)
Start importing Packages/com.unity.inputsystem/InputSystem/Editor/Icons/Axis@2x.png using Guid(d0006d51a864248adba0238883f8c71e) Importer(815301076,1909f56bfc062723c751e8b465ee728b)  -> (artifact id: '6408f44b327774114ba30cdd462fb7ea') in 0.025971 seconds 
========================================================================
Received Import Request.
  Time since last request: 306.035564 seconds.
  path: Packages/com.unity.inputsystem/InputSystem/Editor/Icons/Axis@4x.png
  artifactKey: Guid(a940917cc397643afb071010cb2143d9) Importer(815301076,1909f56bfc062723c751e8b465ee728b)
Start importing Packages/com.unity.inputsystem/InputSystem/Editor/Icons/Axis@4x.png using Guid(a940917cc397643afb071010cb2143d9) Importer(815301076,1909f56bfc062723c751e8b465ee728b)  -> (artifact id: '459b06409974598ce3cf8c408f539d30') in 0.038912 seconds 
========================================================================
Received Import Request.
  Time since last request: 0.000473 seconds.
  path: Packages/com.unity.collab-proxy/Editor/Collaborate/Assets/Icons/back-dark.png
  artifactKey: Guid(8e3ec2dfd58b79842aa78376678a9a05) Importer(815301076,1909f56bfc062723c751e8b465ee728b)
Start importing Packages/com.unity.collab-proxy/Editor/Collaborate/Assets/Icons/back-dark.png using Guid(8e3ec2dfd58b79842aa78376678a9a05) Importer(815301076,1909f56bfc062723c751e8b465ee728b)  -> (artifact id: 'bb3d9f1ea2e1fa151af412d2bd96964b') in 0.048087 seconds 
========================================================================
Received Import Request.
  Time since last request: 0.559832 seconds.
  path: Packages/com.unity.collab-proxy/Editor/Collaborate/Assets/Icons/back-dark@2x.png
  artifactKey: Guid(9c6313a5316f8a34b852bf94ff96e3ab) Importer(815301076,1909f56bfc062723c751e8b465ee728b)
Start importing Packages/com.unity.collab-proxy/Editor/Collaborate/Assets/Icons/back-dark@2x.png using Guid(9c6313a5316f8a34b852bf94ff96e3ab) Importer(815301076,1909f56bfc062723c751e8b465ee728b)  -> (artifact id: '707105411ff79ae9430894cced7d41c5') in 0.027004 seconds 
========================================================================
Received Import Request.
  Time since last request: 0.000424 seconds.
  path: Packages/com.unity.collab-proxy/Editor/Collaborate/Assets/Icons/back-light.png
  artifactKey: Guid(e676ab7aa99535447a763c9f88bf9260) Importer(815301076,1909f56bfc062723c751e8b465ee728b)
Start importing Packages/com.unity.collab-proxy/Editor/Collaborate/Assets/Icons/back-light.png using Guid(e676ab7aa99535447a763c9f88bf9260) Importer(815301076,1909f56bfc062723c751e8b465ee728b)  -> (artifact id: '17f5c843f43a93371ffdadbc818a3f20') in 0.029304 seconds 
========================================================================
Received Import Request.
  Time since last request: 0.029465 seconds.
  path: Packages/com.unity.collab-proxy/Editor/Collaborate/Assets/Icons/back-light@2x.png
  artifactKey: Guid(f5c57327df0fa294c8209aa216435167) Importer(815301076,1909f56bfc062723c751e8b465ee728b)
Start importing Packages/com.unity.collab-proxy/Editor/Collaborate/Assets/Icons/back-light@2x.png using Guid(f5c57327df0fa294c8209aa216435167) Importer(815301076,1909f56bfc062723c751e8b465ee728b)  -> (artifact id: '7875caca43a755bbcc7c3b9613296ab4') in 0.042994 seconds 
========================================================================
Received Import Request.
  Time since last request: 0.000277 seconds.
  path: Assets/TextMesh Pro/Examples & Extras/Textures/Brushed Metal 3.jpg
  artifactKey: Guid(f88677df267a41d6be1e7a6133e7d227) Importer(815301076,1909f56bfc062723c751e8b465ee728b)
Start importing Assets/TextMesh Pro/Examples & Extras/Textures/Brushed Metal 3.jpg using Guid(f88677df267a41d6be1e7a6133e7d227) Importer(815301076,1909f56bfc062723c751e8b465ee728b)  -> (artifact id: '5b77e70700fd562a81922750aee22ac1') in 0.103404 seconds 
========================================================================
Received Import Request.
  Time since last request: 0.000395 seconds.
  path: Packages/com.unity.textmeshpro/Editor Resources/Textures/btn_AlignBaseLine_Light.psd
  artifactKey: Guid(18775b51e3bd42299fd30bd036ea982f) Importer(815301076,1909f56bfc062723c751e8b465ee728b)
Start importing Packages/com.unity.textmeshpro/Editor Resources/Textures/btn_AlignBaseLine_Light.psd using Guid(18775b51e3bd42299fd30bd036ea982f) Importer(815301076,1909f56bfc062723c751e8b465ee728b)  -> (artifact id: '2766502558908e8f934b14b07cb1e2d4') in 0.042120 seconds 
========================================================================
Received Import Request.
  Time since last request: 0.000469 seconds.
  path: Assets/TextMesh Pro/Examples & Extras/Resources/Fonts & Materials/Bangers SDF.asset
  artifactKey: Guid(125cb55b44b24c4393181402bc6200e6) Importer(815301076,1909f56bfc062723c751e8b465ee728b)
Start importing Assets/TextMesh Pro/Examples & Extras/Resources/Fonts & Materials/Bangers SDF.asset using Guid(125cb55b44b24c4393181402bc6200e6) Importer(815301076,1909f56bfc062723c751e8b465ee728b)  -> (artifact id: 'ef29c4ca34d686f87dc8e17cf43b25fd') in 0.078347 seconds 
========================================================================
Received Import Request.
  Time since last request: 0.000399 seconds.
  path: Packages/com.unity.inputsystem/InputSystem/Editor/AssetEditor/Resources/blue.png
  artifactKey: Guid(33f32142c2c2d4662be5f5274db27158) Importer(815301076,1909f56bfc062723c751e8b465ee728b)
Start importing Packages/com.unity.inputsystem/InputSystem/Editor/AssetEditor/Resources/blue.png using Guid(33f32142c2c2d4662be5f5274db27158) Importer(815301076,1909f56bfc062723c751e8b465ee728b)  -> (artifact id: 'b09cd4d233cd17df56562e04bbd53913') in 0.029900 seconds 
========================================================================
Received Import Request.
  Time since last request: 0.000346 seconds.
  path: Packages/com.unity.textmeshpro/Editor Resources/Textures/btn_AlignBaseLine.psd
  artifactKey: Guid(8bc445bb79654bf496c92d0407840a92) Importer(815301076,1909f56bfc062723c751e8b465ee728b)
Start importing Packages/com.unity.textmeshpro/Editor Resources/Textures/btn_AlignBaseLine.psd using Guid(8bc445bb79654bf496c92d0407840a92) Importer(815301076,1909f56bfc062723c751e8b465ee728b)  -> (artifact id: 'c0988c41713ad459f894c79d29024654') in 0.027512 seconds 
========================================================================
Received Import Request.
  Time since last request: 0.203779 seconds.
  path: Packages/com.unity.textmeshpro/Editor Resources/Textures/btn_AlignBottom.psd
  artifactKey: Guid(ca51b19024094d1b87f3e07edb0a75fb) Importer(815301076,1909f56bfc062723c751e8b465ee728b)
Start importing Packages/com.unity.textmeshpro/Editor Resources/Textures/btn_AlignBottom.psd using Guid(ca51b19024094d1b87f3e07edb0a75fb) Importer(815301076,1909f56bfc062723c751e8b465ee728b)  -> (artifact id: 'd7d38162d8d584ee3441ad09202504f1') in 0.031966 seconds 
========================================================================
Received Import Request.
  Time since last request: 0.000284 seconds.
  path: Packages/com.unity.textmeshpro/Editor Resources/Textures/btn_AlignCapLine.psd
  artifactKey: Guid(0d9a36012a224080966c7b55896aa0f9) Importer(815301076,1909f56bfc062723c751e8b465ee728b)
Start importing Packages/com.unity.textmeshpro/Editor Resources/Textures/btn_AlignCapLine.psd using Guid(0d9a36012a224080966c7b55896aa0f9) Importer(815301076,1909f56bfc062723c751e8b465ee728b)  -> (artifact id: '045599589e5de46ff27fd912d1bc87e9') in 0.046693 seconds 
========================================================================
Received Import Request.
  Time since last request: 0.000435 seconds.
  path: Packages/com.unity.textmeshpro/Editor Resources/Textures/btn_AlignBottom_Light.psd
  artifactKey: Guid(585b70cb75dd43efbfead809c30a1731) Importer(815301076,1909f56bfc062723c751e8b465ee728b)
Start importing Packages/com.unity.textmeshpro/Editor Resources/Textures/btn_AlignBottom_Light.psd using Guid(585b70cb75dd43efbfead809c30a1731) Importer(815301076,1909f56bfc062723c751e8b465ee728b)  -> (artifact id: '75002891141562d272cd5299e74043fc') in 0.028026 seconds 
========================================================================
Received Import Request.
  Time since last request: 0.000335 seconds.
  path: Packages/com.unity.textmeshpro/Editor Resources/Textures/btn_AlignCapLine_Light.psd
  artifactKey: Guid(49679f302ac6408697f6b9314a38985c) Importer(815301076,1909f56bfc062723c751e8b465ee728b)
Start importing Packages/com.unity.textmeshpro/Editor Resources/Textures/btn_AlignCapLine_Light.psd using Guid(49679f302ac6408697f6b9314a38985c) Importer(815301076,1909f56bfc062723c751e8b465ee728b)  -> (artifact id: '827602f2e3d4167e44b28aca0a6a7eae') in 0.030723 seconds 
========================================================================
Received Import Request.
  Time since last request: 0.000271 seconds.
  path: Packages/com.unity.textmeshpro/Editor Resources/Textures/btn_AlignCenter.psd
  artifactKey: Guid(81ed8c76d2bc4a4c95d092c98af4e58f) Importer(815301076,1909f56bfc062723c751e8b465ee728b)
Start importing Packages/com.unity.textmeshpro/Editor Resources/Textures/btn_AlignCenter.psd using Guid(81ed8c76d2bc4a4c95d092c98af4e58f) Importer(815301076,1909f56bfc062723c751e8b465ee728b)  -> (artifact id: '633a02f04f7bc035a4d7b4b7fc74e00c') in 0.028636 seconds 
========================================================================
Received Import Request.
  Time since last request: 0.000295 seconds.
  path: Packages/com.unity.textmeshpro/Editor Resources/Textures/btn_AlignCenter_Light.psd
  artifactKey: Guid(6ace62d30f494c948b71d5594afce11d) Importer(815301076,1909f56bfc062723c751e8b465ee728b)
Start importing Packages/com.unity.textmeshpro/Editor Resources/Textures/btn_AlignCenter_Light.psd using Guid(6ace62d30f494c948b71d5594afce11d) Importer(815301076,1909f56bfc062723c751e8b465ee728b)  -> (artifact id: 'b23e697fdc4f251fbf60474353a7f6db') in 0.028813 seconds 
========================================================================
Received Import Request.
  Time since last request: 11.207419 seconds.
  path: Packages/com.unity.collab-proxy/Editor/PlasticSCM/Assets/Images/buttonssosigninemail.png
  artifactKey: Guid(d24e7e0b75e1a244bb9687d6fd4315ef) Importer(815301076,1909f56bfc062723c751e8b465ee728b)
Start importing Packages/com.unity.collab-proxy/Editor/PlasticSCM/Assets/Images/buttonssosigninemail.png using Guid(d24e7e0b75e1a244bb9687d6fd4315ef) Importer(815301076,1909f56bfc062723c751e8b465ee728b)  -> (artifact id: '56b363f26319b1d8a5f03db25eec342b') in 0.061157 seconds 
========================================================================
Received Import Request.
  Time since last request: 0.000546 seconds.
  path: Packages/com.unity.collab-proxy/Editor/PlasticSCM/Assets/Images/d_buttonssosigninemail.png
  artifactKey: Guid(3086d66a563317b40a20a20da2c64ac0) Importer(815301076,1909f56bfc062723c751e8b465ee728b)
Start importing Packages/com.unity.collab-proxy/Editor/PlasticSCM/Assets/Images/d_buttonssosigninemail.png using Guid(3086d66a563317b40a20a20da2c64ac0) Importer(815301076,1909f56bfc062723c751e8b465ee728b)  -> (artifact id: 'd9e062c6b027ff00d7a846bab6507f61') in 0.086643 seconds 
========================================================================
Received Import Request.
  Time since last request: 0.000495 seconds.
  path: Packages/com.unity.collab-proxy/Editor/PlasticSCM/Assets/Images/d_buttonssosigninemail@2x.png
  artifactKey: Guid(144aa74618b85974a9a50f612c2fa8fd) Importer(815301076,1909f56bfc062723c751e8b465ee728b)
Start importing Packages/com.unity.collab-proxy/Editor/PlasticSCM/Assets/Images/d_buttonssosigninemail@2x.png using Guid(144aa74618b85974a9a50f612c2fa8fd) Importer(815301076,1909f56bfc062723c751e8b465ee728b)  -> (artifact id: 'aa5a21a3a43ca0cdc525770e1def7560') in 0.044372 seconds 
========================================================================
Received Import Request.
  Time since last request: 0.000332 seconds.
  path: Assets/UXRSamples/CrossHair/Textures/CircleCrossHair.png
  artifactKey: Guid(64ce76f827a71b44da62c30c0b506fd2) Importer(815301076,1909f56bfc062723c751e8b465ee728b)
Start importing Assets/UXRSamples/CrossHair/Textures/CircleCrossHair.png using Guid(64ce76f827a71b44da62c30c0b506fd2) Importer(815301076,1909f56bfc062723c751e8b465ee728b)  -> (artifact id: 'aae5980b41dc1011b816a5c426156aca') in 0.030548 seconds 
========================================================================
Received Import Request.
  Time since last request: 0.000293 seconds.
  path: Packages/com.unity.collab-proxy/Editor/PlasticSCM/Assets/Images/buttonssosigninunity.png
  artifactKey: Guid(f9161c6c9e06dc445ada3ee16d991f90) Importer(815301076,1909f56bfc062723c751e8b465ee728b)
Start importing Packages/com.unity.collab-proxy/Editor/PlasticSCM/Assets/Images/buttonssosigninunity.png using Guid(f9161c6c9e06dc445ada3ee16d991f90) Importer(815301076,1909f56bfc062723c751e8b465ee728b)  -> (artifact id: 'bdacef865e4372aa6f08aa1652ca6156') in 0.029192 seconds 
========================================================================
Received Import Request.
  Time since last request: 0.000298 seconds.
  path: Assets/UXRSamples/CrossHair/Textures/Crosshair.tga
  artifactKey: Guid(0565332d540dbcf4d9a01224a867cee8) Importer(815301076,1909f56bfc062723c751e8b465ee728b)
Start importing Assets/UXRSamples/CrossHair/Textures/Crosshair.tga using Guid(0565332d540dbcf4d9a01224a867cee8) Importer(815301076,1909f56bfc062723c751e8b465ee728b)  -> (artifact id: 'ceaab070ad319f6592f753c096c885de') in 0.042514 seconds 
========================================================================
Received Import Request.
  Time since last request: 0.000284 seconds.
  path: Packages/com.unity.collab-proxy/Editor/PlasticSCM/Assets/Images/buttonssosigninemail@2x.png
  artifactKey: Guid(ddf2e76e8a1f88f46ae1e42277850b48) Importer(815301076,1909f56bfc062723c751e8b465ee728b)
Start importing Packages/com.unity.collab-proxy/Editor/PlasticSCM/Assets/Images/buttonssosigninemail@2x.png using Guid(ddf2e76e8a1f88f46ae1e42277850b48) Importer(815301076,1909f56bfc062723c751e8b465ee728b)  -> (artifact id: '6ec1982829cc32c466780ed520a758b0') in 0.030005 seconds 
========================================================================
Received Import Request.
  Time since last request: 0.000293 seconds.
  path: Packages/com.unity.collab-proxy/Editor/PlasticSCM/Assets/Images/buttonssosigningoogle.png
  artifactKey: Guid(f09eae8c0ea04254b90c5386a034a225) Importer(815301076,1909f56bfc062723c751e8b465ee728b)
Start importing Packages/com.unity.collab-proxy/Editor/PlasticSCM/Assets/Images/buttonssosigningoogle.png using Guid(f09eae8c0ea04254b90c5386a034a225) Importer(815301076,1909f56bfc062723c751e8b465ee728b)  -> (artifact id: 'f5cc1ec6e44d446606965afd88cf37b4') in 0.032026 seconds 
========================================================================
Received Import Request.
  Time since last request: 1.484250 seconds.
  path: Packages/com.unity.collab-proxy/Editor/PlasticSCM/Assets/Images/d_cloudbuho.png
  artifactKey: Guid(e5600378dd761e64d9423790c482bf36) Importer(815301076,1909f56bfc062723c751e8b465ee728b)
Start importing Packages/com.unity.collab-proxy/Editor/PlasticSCM/Assets/Images/d_cloudbuho.png using Guid(e5600378dd761e64d9423790c482bf36) Importer(815301076,1909f56bfc062723c751e8b465ee728b)  -> (artifact id: '6fac0a97b08041bbca470fee5655f422') in 0.034001 seconds 
========================================================================
Received Import Request.
  Time since last request: 0.000490 seconds.
  path: Packages/com.unity.collab-proxy/Editor/PlasticSCM/Assets/Images/d_cloudbuhochristmas.png
  artifactKey: Guid(70632ddfe8e71b04b8f90ef7e29a9e98) Importer(815301076,1909f56bfc062723c751e8b465ee728b)
Start importing Packages/com.unity.collab-proxy/Editor/PlasticSCM/Assets/Images/d_cloudbuhochristmas.png using Guid(70632ddfe8e71b04b8f90ef7e29a9e98) Importer(815301076,1909f56bfc062723c751e8b465ee728b)  -> (artifact id: 'aee95f32b4cfe48a36c09bcd2c28fba1') in 0.040838 seconds 
========================================================================
Received Import Request.
  Time since last request: 15.704011 seconds.
  path: Assets/From Joseph/Screenshot 2023-07-07 111507.png
  artifactKey: Guid(6c275ca2b1c846b44851d192be571059) Importer(815301076,1909f56bfc062723c751e8b465ee728b)
Start importing Assets/From Joseph/Screenshot 2023-07-07 111507.png using Guid(6c275ca2b1c846b44851d192be571059) Importer(815301076,1909f56bfc062723c751e8b465ee728b)  -> (artifact id: 'a9ddc171e50e3e69368a3ed2aa82cf84') in 0.090916 seconds 
========================================================================
Received Import Request.
  Time since last request: 10.714949 seconds.
  path: Packages/com.unity.collab-proxy/Editor/PlasticSCM/Assets/Images/iconfschanged.png
  artifactKey: Guid(42d45b97073618b42bfcfc22740c4bc7) Importer(815301076,1909f56bfc062723c751e8b465ee728b)
Start importing Packages/com.unity.collab-proxy/Editor/PlasticSCM/Assets/Images/iconfschanged.png using Guid(42d45b97073618b42bfcfc22740c4bc7) Importer(815301076,1909f56bfc062723c751e8b465ee728b)  -> (artifact id: 'f7c9c750e6491ed826718bd133c2f091') in 0.029838 seconds 
========================================================================
Received Import Request.
  Time since last request: 9.063942 seconds.
  path: Assets/TextMesh Pro/Examples & Extras/Textures/Text Overflow - Linked Text UI Screenshot.png
  artifactKey: Guid(c76d18757a194d618355f05f815cb0a1) Importer(815301076,1909f56bfc062723c751e8b465ee728b)
Start importing Assets/TextMesh Pro/Examples & Extras/Textures/Text Overflow - Linked Text UI Screenshot.png using Guid(c76d18757a194d618355f05f815cb0a1) Importer(815301076,1909f56bfc062723c751e8b465ee728b)  -> (artifact id: '00166b0daf2323b2cb64b0bb038eea40') in 0.054795 seconds 
========================================================================
Received Import Request.
  Time since last request: 357.675801 seconds.
  path: Assets/From Joseph/Settings/Settings.unity
  artifactKey: Guid(237534ec987224540afbb93d16a6a66b) Importer(815301076,1909f56bfc062723c751e8b465ee728b)
Start importing Assets/From Joseph/Settings/Settings.unity using Guid(237534ec987224540afbb93d16a6a66b) Importer(815301076,1909f56bfc062723c751e8b465ee728b)  -> (artifact id: '2bb52cd40e948ac8d3334101f8ffc3ee') in 0.020581 seconds 
========================================================================
Received Import Request.
  Time since last request: 0.762188 seconds.
  path: Assets/From Joseph/Settings/Scripts
  artifactKey: Guid(b577416bbd3130a4f925a810ddcef120) Importer(815301076,1909f56bfc062723c751e8b465ee728b)
Start importing Assets/From Joseph/Settings/Scripts using Guid(b577416bbd3130a4f925a810ddcef120) Importer(815301076,1909f56bfc062723c751e8b465ee728b)  -> (artifact id: '3fe21b8c841aa40fcbd949980132c21c') in 0.015628 seconds 
========================================================================
Received Import Request.
  Time since last request: 5.990196 seconds.
  path: Assets/MainMenu.unity
  artifactKey: Guid(6ccbb0f34b23e70439f8656fffacf464) Importer(815301076,1909f56bfc062723c751e8b465ee728b)
Start importing Assets/MainMenu.unity using Guid(6ccbb0f34b23e70439f8656fffacf464) Importer(815301076,1909f56bfc062723c751e8b465ee728b)  -> (artifact id: '243eda7f2f3d97d8efbfe188403afa86') in 0.012741 seconds 
========================================================================
Received Import Request.
  Time since last request: 5.123931 seconds.
  path: Assets/From Joseph/CheckList/CheckList.unity
  artifactKey: Guid(75687638d7a2b0046b8ce9d4f67cd9c1) Importer(815301076,1909f56bfc062723c751e8b465ee728b)
Start importing Assets/From Joseph/CheckList/CheckList.unity using Guid(75687638d7a2b0046b8ce9d4f67cd9c1) Importer(815301076,1909f56bfc062723c751e8b465ee728b)  -> (artifact id: '2433afbf4526eea10730ee8c5e7da327') in 0.017034 seconds 
========================================================================
Received Import Request.
  Time since last request: 204.834746 seconds.
  path: Assets/CheckList/Prefabs/Toggle.prefab
  artifactKey: Guid(9f39f521ef48a3342b7a932cbeeb44bb) Importer(815301076,1909f56bfc062723c751e8b465ee728b)
Start importing Assets/CheckList/Prefabs/Toggle.prefab using Guid(9f39f521ef48a3342b7a932cbeeb44bb) Importer(815301076,1909f56bfc062723c751e8b465ee728b)  -> (artifact id: 'eaa5920573f05e8c13bc253cec80b054') in 0.131164 seconds 
========================================================================
Received Import Request.
  Time since last request: 3.717462 seconds.
  path: Assets/From Joseph/Script/ToggleUtilities.cs
  artifactKey: Guid(0778cb9c7218c134e87a71eacbeb39c4) Importer(815301076,1909f56bfc062723c751e8b465ee728b)
Start importing Assets/From Joseph/Script/ToggleUtilities.cs using Guid(0778cb9c7218c134e87a71eacbeb39c4) Importer(815301076,1909f56bfc062723c751e8b465ee728b)  -> (artifact id: '54d5a2ad851a56c186e62a02a3e44eff') in 0.029251 seconds 
========================================================================
Received Import Request.
  Time since last request: 50.138151 seconds.
  path: Assets/From Joseph/Script/ClickedEventUtil.cs
  artifactKey: Guid(de3d40817e495c64f859ec7c4df5d003) Importer(815301076,1909f56bfc062723c751e8b465ee728b)
Start importing Assets/From Joseph/Script/ClickedEventUtil.cs using Guid(de3d40817e495c64f859ec7c4df5d003) Importer(815301076,1909f56bfc062723c751e8b465ee728b)  -> (artifact id: '64530b0350ffb586a7769ce45fe544c2') in 0.014625 seconds 
========================================================================
Received Import Request.
  Time since last request: 307.569193 seconds.
  path: Assets/Icons/Samples/TextPanel/TextPanel.prefab
  artifactKey: Guid(dfa794c1410554c44baf341ace4e9495) Importer(815301076,1909f56bfc062723c751e8b465ee728b)
Start importing Assets/Icons/Samples/TextPanel/TextPanel.prefab using Guid(dfa794c1410554c44baf341ace4e9495) Importer(815301076,1909f56bfc062723c751e8b465ee728b)  -> (artifact id: '7e63754d1fdd7893f72150796abe84e9') in 0.048702 seconds 
========================================================================
Received Import Request.
  Time since last request: 124.009608 seconds.
  path: Assets/From Joseph/Script/ShareStart.cs
  artifactKey: Guid(22d97df0b646fa94da56499d828c1a65) Importer(815301076,1909f56bfc062723c751e8b465ee728b)
Start importing Assets/From Joseph/Script/ShareStart.cs using Guid(22d97df0b646fa94da56499d828c1a65) Importer(815301076,1909f56bfc062723c751e8b465ee728b)  -> (artifact id: 'c5cdc9a890d234c5691b12d63a755e8b') in 0.014750 seconds 
========================================================================
Received Prepare
Registering precompiled user dll's ...
Registered in 0.596217 seconds.
Begin MonoManager ReloadAssembly
Symbol file LoadedFromMemory doesn't match image C:\Users\21027757\Downloads\Android-HARP\Library\PackageCache\com.unity.collab-proxy@1.15.15\Lib\Editor\PlasticSCM\unityplastic.dll
Native extension for WindowsStandalone target not found
Refreshing native plugins compatible for Editor in 1.11 ms, found 12 plugins.
Preloading 0 native plugins for Editor in 0.00 ms.
Mono: successfully reloaded assembly
- Completed reload, in  2.771 seconds
Domain Reload Profiling:
	ReloadAssembly (2771ms)
		BeginReloadAssembly (216ms)
			ExecutionOrderSort (0ms)
			DisableScriptedObjects (8ms)
			BackupInstance (0ms)
			ReleaseScriptingObjects (0ms)
			CreateAndSetChildDomain (104ms)
		EndReloadAssembly (2481ms)
			LoadAssemblies (147ms)
			RebuildTransferFunctionScriptingTraits (0ms)
			SetupTypeCache (350ms)
			ReleaseScriptCaches (1ms)
			RebuildScriptCaches (39ms)
			SetupLoadedEditorAssemblies (1629ms)
				LogAssemblyErrors (0ms)
				InitializePlatformSupportModulesInManaged (4ms)
				SetLoadedEditorAssemblies (1ms)
				RefreshPlugins (1ms)
				BeforeProcessingInitializeOnLoad (114ms)
				ProcessInitializeOnLoadAttributes (1455ms)
				ProcessInitializeOnLoadMethodAttributes (39ms)
				AfterProcessingInitializeOnLoad (16ms)
				EditorAssembliesLoaded (0ms)
			ExecutionOrderSort2 (0ms)
			AwakeInstancesAfterBackupRestoration (13ms)
Platform modules already initialized, skipping
Switching build target platform(19) subTarget(0) extendedPlatform(0) -> platform(13) subTarget(524288) extendedPlatform(0)
Refreshing native plugins compatible for Editor in 1.39 ms, found 12 plugins.
Preloading 0 native plugins for Editor in 0.00 ms.
Unloading 3866 Unused Serialized files (Serialized files now loaded: 0)
System memory in use before: 151.5 MB.
System memory in use after: 151.7 MB.

Unloading 43 unused Assets to reduce memory usage. Loaded Objects now: 4449.
Total: 3.298800 ms (FindLiveObjects: 0.243000 ms CreateObjectMapping: 0.100800 ms MarkObjects: 2.906600 ms  DeleteObjects: 0.047600 ms)

AssetImportParameters requested are different than current active one (requested -> active):
  custom:framework-win-MediaFoundation: 216162199b28c13a410421893ffa2e32 -> 
  custom:video-decoder-ogg-theora: a1e56fd34408186e4bbccfd4996cb3dc -> 
  custom:container-muxer-webm: aa71ff27fc2769a1b78a27578f13a17b -> 
  custom:container-demuxer-webm: 4f35f7cbe854078d1ac9338744f61a02 -> 
  custom:container-demuxer-ogg: 62fdf1f143b41e24485cea50d1cbac27 -> 
  custom:video-encoder-webm-vp8: eb34c28f22e8b96e1ab97ce403110664 -> 
  custom:video-decoder-webm-vp8: 9c59270c3fd7afecdb556c50c9e8de78 -> 
  custom:graphics/normal-map-encoding: 01000000000000000000000000000000 -> 02000000000000000000000000000000
  custom:audio-decoder-ogg-vorbis: bf7c407c2cedff20999df2af8eb42d56 -> 
  custom:audio-encoder-webm-vorbis: bf7c407c2cedff20999df2af8eb42d56 -> 
========================================================================
Received Prepare
Registering precompiled user dll's ...
Registered in 0.569019 seconds.
Begin MonoManager ReloadAssembly
Symbol file LoadedFromMemory doesn't match image C:\Users\21027757\Downloads\Android-HARP\Library\PackageCache\com.unity.collab-proxy@1.15.15\Lib\Editor\PlasticSCM\unityplastic.dll
Native extension for WindowsStandalone target not found
Refreshing native plugins compatible for Editor in 0.99 ms, found 12 plugins.
Preloading 0 native plugins for Editor in 0.00 ms.
Mono: successfully reloaded assembly
- Completed reload, in  2.403 seconds
Domain Reload Profiling:
	ReloadAssembly (2404ms)
		BeginReloadAssembly (133ms)
			ExecutionOrderSort (0ms)
			DisableScriptedObjects (7ms)
			BackupInstance (0ms)
			ReleaseScriptingObjects (0ms)
			CreateAndSetChildDomain (38ms)
		EndReloadAssembly (2212ms)
			LoadAssemblies (133ms)
			RebuildTransferFunctionScriptingTraits (0ms)
			SetupTypeCache (325ms)
			ReleaseScriptCaches (1ms)
			RebuildScriptCaches (46ms)
			SetupLoadedEditorAssemblies (1423ms)
				LogAssemblyErrors (0ms)
				InitializePlatformSupportModulesInManaged (3ms)
				SetLoadedEditorAssemblies (0ms)
				RefreshPlugins (1ms)
				BeforeProcessingInitializeOnLoad (104ms)
				ProcessInitializeOnLoadAttributes (1279ms)
				ProcessInitializeOnLoadMethodAttributes (27ms)
				AfterProcessingInitializeOnLoad (9ms)
				EditorAssembliesLoaded (0ms)
			ExecutionOrderSort2 (0ms)
			AwakeInstancesAfterBackupRestoration (8ms)
Platform modules already initialized, skipping
Switching build target platform(19) subTarget(0) extendedPlatform(0) -> platform(13) subTarget(524288) extendedPlatform(0)
Refreshing native plugins compatible for Editor in 1.12 ms, found 12 plugins.
Preloading 0 native plugins for Editor in 0.00 ms.
Unloading 3866 Unused Serialized files (Serialized files now loaded: 0)
System memory in use before: 151.5 MB.
System memory in use after: 151.8 MB.

Unloading 43 unused Assets to reduce memory usage. Loaded Objects now: 4453.
Total: 3.341900 ms (FindLiveObjects: 0.248200 ms CreateObjectMapping: 0.106500 ms MarkObjects: 2.940400 ms  DeleteObjects: 0.046000 ms)

AssetImportParameters requested are different than current active one (requested -> active):
  custom:framework-win-MediaFoundation: 216162199b28c13a410421893ffa2e32 -> 
  custom:video-decoder-ogg-theora: a1e56fd34408186e4bbccfd4996cb3dc -> 
  custom:container-muxer-webm: aa71ff27fc2769a1b78a27578f13a17b -> 
  custom:container-demuxer-webm: 4f35f7cbe854078d1ac9338744f61a02 -> 
  custom:container-demuxer-ogg: 62fdf1f143b41e24485cea50d1cbac27 -> 
  custom:video-encoder-webm-vp8: eb34c28f22e8b96e1ab97ce403110664 -> 
  custom:video-decoder-webm-vp8: 9c59270c3fd7afecdb556c50c9e8de78 -> 
  custom:graphics/normal-map-encoding: 01000000000000000000000000000000 -> 02000000000000000000000000000000
  custom:audio-decoder-ogg-vorbis: bf7c407c2cedff20999df2af8eb42d56 -> 
  custom:audio-encoder-webm-vorbis: bf7c407c2cedff20999df2af8eb42d56 -> 
========================================================================
Received Import Request.
  Time since last request: 1129.471295 seconds.
  path: Assets/From Joseph/Script/LoadingShared.cs
  artifactKey: Guid(50fc4eeeda4e5ef4fb888bd7ca71a202) Importer(815301076,1909f56bfc062723c751e8b465ee728b)
Start importing Assets/From Joseph/Script/LoadingShared.cs using Guid(50fc4eeeda4e5ef4fb888bd7ca71a202) Importer(815301076,1909f56bfc062723c751e8b465ee728b)  -> (artifact id: 'cbdc341f56548463da8f6c7115cca123') in 0.021399 seconds 
========================================================================
Received Prepare
Registering precompiled user dll's ...
Registered in 0.088267 seconds.
Begin MonoManager ReloadAssembly
Symbol file LoadedFromMemory doesn't match image C:\Users\21027757\Downloads\Android-HARP\Library\PackageCache\com.unity.collab-proxy@1.15.15\Lib\Editor\PlasticSCM\unityplastic.dll
Native extension for WindowsStandalone target not found
Refreshing native plugins compatible for Editor in 1.24 ms, found 12 plugins.
Preloading 0 native plugins for Editor in 0.00 ms.
Mono: successfully reloaded assembly
- Completed reload, in  4.797 seconds
Domain Reload Profiling:
	ReloadAssembly (4798ms)
		BeginReloadAssembly (732ms)
			ExecutionOrderSort (0ms)
			DisableScriptedObjects (9ms)
			BackupInstance (0ms)
			ReleaseScriptingObjects (0ms)
			CreateAndSetChildDomain (149ms)
		EndReloadAssembly (3641ms)
			LoadAssemblies (645ms)
			RebuildTransferFunctionScriptingTraits (0ms)
			SetupTypeCache (495ms)
			ReleaseScriptCaches (2ms)
			RebuildScriptCaches (63ms)
			SetupLoadedEditorAssemblies (2447ms)
				LogAssemblyErrors (0ms)
				InitializePlatformSupportModulesInManaged (4ms)
				SetLoadedEditorAssemblies (0ms)
				RefreshPlugins (1ms)
				BeforeProcessingInitializeOnLoad (208ms)
				ProcessInitializeOnLoadAttributes (2176ms)
				ProcessInitializeOnLoadMethodAttributes (44ms)
				AfterProcessingInitializeOnLoad (13ms)
				EditorAssembliesLoaded (0ms)
			ExecutionOrderSort2 (0ms)
			AwakeInstancesAfterBackupRestoration (13ms)
Platform modules already initialized, skipping
Switching build target platform(19) subTarget(0) extendedPlatform(0) -> platform(13) subTarget(524288) extendedPlatform(0)
Refreshing native plugins compatible for Editor in 1.95 ms, found 12 plugins.
Preloading 0 native plugins for Editor in 0.00 ms.
Unloading 3867 Unused Serialized files (Serialized files now loaded: 0)
System memory in use before: 151.6 MB.
System memory in use after: 151.8 MB.

Unloading 43 unused Assets to reduce memory usage. Loaded Objects now: 4458.
Total: 3.725900 ms (FindLiveObjects: 0.307200 ms CreateObjectMapping: 0.137300 ms MarkObjects: 3.238200 ms  DeleteObjects: 0.041700 ms)

AssetImportParameters requested are different than current active one (requested -> active):
  custom:framework-win-MediaFoundation: 216162199b28c13a410421893ffa2e32 -> 
  custom:video-decoder-ogg-theora: a1e56fd34408186e4bbccfd4996cb3dc -> 
  custom:container-muxer-webm: aa71ff27fc2769a1b78a27578f13a17b -> 
  custom:container-demuxer-webm: 4f35f7cbe854078d1ac9338744f61a02 -> 
  custom:container-demuxer-ogg: 62fdf1f143b41e24485cea50d1cbac27 -> 
  custom:video-encoder-webm-vp8: eb34c28f22e8b96e1ab97ce403110664 -> 
  custom:video-decoder-webm-vp8: 9c59270c3fd7afecdb556c50c9e8de78 -> 
  custom:graphics/normal-map-encoding: 01000000000000000000000000000000 -> 02000000000000000000000000000000
  custom:audio-decoder-ogg-vorbis: bf7c407c2cedff20999df2af8eb42d56 -> 
  custom:audio-encoder-webm-vorbis: bf7c407c2cedff20999df2af8eb42d56 -> 
========================================================================
Received Import Request.
  Time since last request: 7251.861239 seconds.
  path: Assets/From Joseph/Script/LoadingShared.cs
  artifactKey: Guid(50fc4eeeda4e5ef4fb888bd7ca71a202) Importer(815301076,1909f56bfc062723c751e8b465ee728b)
Start importing Assets/From Joseph/Script/LoadingShared.cs using Guid(50fc4eeeda4e5ef4fb888bd7ca71a202) Importer(815301076,1909f56bfc062723c751e8b465ee728b)  -> (artifact id: '19d62f31c6da021ab81f16aa74c3e890') in 0.169600 seconds 
========================================================================
Received Prepare
Registering precompiled user dll's ...
Registered in 0.550977 seconds.
Begin MonoManager ReloadAssembly
Symbol file LoadedFromMemory doesn't match image C:\Users\21027757\Downloads\Android-HARP\Library\PackageCache\com.unity.collab-proxy@1.15.15\Lib\Editor\PlasticSCM\unityplastic.dll
Native extension for WindowsStandalone target not found
Refreshing native plugins compatible for Editor in 4.73 ms, found 12 plugins.
Preloading 0 native plugins for Editor in 0.00 ms.
Mono: successfully reloaded assembly
- Completed reload, in  3.031 seconds
Domain Reload Profiling:
	ReloadAssembly (3037ms)
		BeginReloadAssembly (384ms)
			ExecutionOrderSort (0ms)
			DisableScriptedObjects (29ms)
			BackupInstance (0ms)
			ReleaseScriptingObjects (0ms)
			CreateAndSetChildDomain (180ms)
		EndReloadAssembly (2555ms)
			LoadAssemblies (227ms)
			RebuildTransferFunctionScriptingTraits (0ms)
			SetupTypeCache (427ms)
			ReleaseScriptCaches (1ms)
			RebuildScriptCaches (45ms)
			SetupLoadedEditorAssemblies (1508ms)
				LogAssemblyErrors (0ms)
				InitializePlatformSupportModulesInManaged (4ms)
				SetLoadedEditorAssemblies (1ms)
				RefreshPlugins (5ms)
				BeforeProcessingInitializeOnLoad (127ms)
				ProcessInitializeOnLoadAttributes (1330ms)
				ProcessInitializeOnLoadMethodAttributes (30ms)
				AfterProcessingInitializeOnLoad (10ms)
				EditorAssembliesLoaded (0ms)
			ExecutionOrderSort2 (0ms)
			AwakeInstancesAfterBackupRestoration (9ms)
Platform modules already initialized, skipping
Switching build target platform(19) subTarget(0) extendedPlatform(0) -> platform(13) subTarget(524288) extendedPlatform(0)
Refreshing native plugins compatible for Editor in 1.36 ms, found 12 plugins.
Preloading 0 native plugins for Editor in 0.00 ms.
Unloading 3867 Unused Serialized files (Serialized files now loaded: 0)
System memory in use before: 151.6 MB.
System memory in use after: 151.8 MB.

Unloading 43 unused Assets to reduce memory usage. Loaded Objects now: 4462.
Total: 10.630500 ms (FindLiveObjects: 0.698900 ms CreateObjectMapping: 0.175000 ms MarkObjects: 9.682700 ms  DeleteObjects: 0.072200 ms)

AssetImportParameters requested are different than current active one (requested -> active):
  custom:framework-win-MediaFoundation: 216162199b28c13a410421893ffa2e32 -> 
  custom:video-decoder-ogg-theora: a1e56fd34408186e4bbccfd4996cb3dc -> 
  custom:container-muxer-webm: aa71ff27fc2769a1b78a27578f13a17b -> 
  custom:container-demuxer-webm: 4f35f7cbe854078d1ac9338744f61a02 -> 
  custom:container-demuxer-ogg: 62fdf1f143b41e24485cea50d1cbac27 -> 
  custom:video-encoder-webm-vp8: eb34c28f22e8b96e1ab97ce403110664 -> 
  custom:video-decoder-webm-vp8: 9c59270c3fd7afecdb556c50c9e8de78 -> 
  custom:graphics/normal-map-encoding: 01000000000000000000000000000000 -> 02000000000000000000000000000000
  custom:audio-decoder-ogg-vorbis: bf7c407c2cedff20999df2af8eb42d56 -> 
  custom:audio-encoder-webm-vorbis: bf7c407c2cedff20999df2af8eb42d56 -> 
========================================================================
Received Prepare
Refreshing native plugins compatible for Editor in 24.67 ms, found 12 plugins.
Preloading 0 native plugins for Editor in 0.00 ms.
Unloading 40 Unused Serialized files (Serialized files now loaded: 0)
System memory in use before: 75.7 MB.
System memory in use after: 76.0 MB.

Unloading 40 unused Assets to reduce memory usage. Loaded Objects now: 4462.
Total: 4.234300 ms (FindLiveObjects: 0.286300 ms CreateObjectMapping: 0.129900 ms MarkObjects: 3.708800 ms  DeleteObjects: 0.108300 ms)

AssetImportParameters requested are different than current active one (requested -> active):
  custom:framework-win-MediaFoundation: 216162199b28c13a410421893ffa2e32 -> 
  custom:video-decoder-ogg-theora: a1e56fd34408186e4bbccfd4996cb3dc -> 
  custom:container-muxer-webm: aa71ff27fc2769a1b78a27578f13a17b -> 
  custom:container-demuxer-webm: 4f35f7cbe854078d1ac9338744f61a02 -> 
  custom:container-demuxer-ogg: 62fdf1f143b41e24485cea50d1cbac27 -> 
  custom:video-encoder-webm-vp8: eb34c28f22e8b96e1ab97ce403110664 -> 
  custom:video-decoder-webm-vp8: 9c59270c3fd7afecdb556c50c9e8de78 -> 
  custom:audio-decoder-ogg-vorbis: bf7c407c2cedff20999df2af8eb42d56 -> 
  custom:audio-encoder-webm-vorbis: bf7c407c2cedff20999df2af8eb42d56 -> 
========================================================================
Received Import Request.
  Time since last request: 532.733877 seconds.
  path: Assets/CheckList/CheckList.unity
  artifactKey: Guid(d355505f2c946d643931d88832a0a445) Importer(815301076,1909f56bfc062723c751e8b465ee728b)
Start importing Assets/CheckList/CheckList.unity using Guid(d355505f2c946d643931d88832a0a445) Importer(815301076,1909f56bfc062723c751e8b465ee728b)  -> (artifact id: '164f7d34b3b42fb9712c926a01e11d1f') in 0.016842 seconds 
========================================================================
Received Import Request.
  Time since last request: 22.348626 seconds.
  path: Assets/From Joseph/Settings/Settings.unity
  artifactKey: Guid(237534ec987224540afbb93d16a6a66b) Importer(815301076,1909f56bfc062723c751e8b465ee728b)
Start importing Assets/From Joseph/Settings/Settings.unity using Guid(237534ec987224540afbb93d16a6a66b) Importer(815301076,1909f56bfc062723c751e8b465ee728b)  -> (artifact id: '29438a2e5843fa56264d09608cd020e9') in 0.016312 seconds 
========================================================================
Received Import Request.
  Time since last request: 38.111755 seconds.
  path: Assets/From Joseph/Shared/Shared.unity
  artifactKey: Guid(f63b0debcf48d3c45b1fc3f8687e0bed) Importer(815301076,1909f56bfc062723c751e8b465ee728b)
Start importing Assets/From Joseph/Shared/Shared.unity using Guid(f63b0debcf48d3c45b1fc3f8687e0bed) Importer(815301076,1909f56bfc062723c751e8b465ee728b)  -> (artifact id: '785b9de19600372edfadb72057b9eb03') in 0.013462 seconds 
========================================================================
Received Prepare
Refreshing native plugins compatible for Editor in 21.18 ms, found 12 plugins.
Preloading 0 native plugins for Editor in 0.00 ms.
Unloading 40 Unused Serialized files (Serialized files now loaded: 0)
System memory in use before: 75.7 MB.
System memory in use after: 76.0 MB.

Unloading 40 unused Assets to reduce memory usage. Loaded Objects now: 4462.
Total: 5.959600 ms (FindLiveObjects: 0.556000 ms CreateObjectMapping: 0.313700 ms MarkObjects: 4.979600 ms  DeleteObjects: 0.108900 ms)

AssetImportParameters requested are different than current active one (requested -> active):
  custom:framework-win-MediaFoundation: 216162199b28c13a410421893ffa2e32 -> 
  custom:video-decoder-ogg-theora: a1e56fd34408186e4bbccfd4996cb3dc -> 
  custom:container-muxer-webm: aa71ff27fc2769a1b78a27578f13a17b -> 
  custom:container-demuxer-webm: 4f35f7cbe854078d1ac9338744f61a02 -> 
  custom:container-demuxer-ogg: 62fdf1f143b41e24485cea50d1cbac27 -> 
  custom:video-encoder-webm-vp8: eb34c28f22e8b96e1ab97ce403110664 -> 
  custom:video-decoder-webm-vp8: 9c59270c3fd7afecdb556c50c9e8de78 -> 
  custom:audio-decoder-ogg-vorbis: bf7c407c2cedff20999df2af8eb42d56 -> 
  custom:audio-encoder-webm-vorbis: bf7c407c2cedff20999df2af8eb42d56 -> 
========================================================================
Received Prepare
Refreshing native plugins compatible for Editor in 16.06 ms, found 12 plugins.
Preloading 0 native plugins for Editor in 0.00 ms.
Unloading 40 Unused Serialized files (Serialized files now loaded: 0)
System memory in use before: 75.7 MB.
System memory in use after: 76.0 MB.

Unloading 40 unused Assets to reduce memory usage. Loaded Objects now: 4462.
Total: 4.533500 ms (FindLiveObjects: 0.421200 ms CreateObjectMapping: 0.302200 ms MarkObjects: 3.770100 ms  DeleteObjects: 0.038900 ms)

AssetImportParameters requested are different than current active one (requested -> active):
  custom:framework-win-MediaFoundation: 216162199b28c13a410421893ffa2e32 -> 
  custom:video-decoder-ogg-theora: a1e56fd34408186e4bbccfd4996cb3dc -> 
  custom:container-muxer-webm: aa71ff27fc2769a1b78a27578f13a17b -> 
  custom:container-demuxer-webm: 4f35f7cbe854078d1ac9338744f61a02 -> 
  custom:container-demuxer-ogg: 62fdf1f143b41e24485cea50d1cbac27 -> 
  custom:video-encoder-webm-vp8: eb34c28f22e8b96e1ab97ce403110664 -> 
  custom:video-decoder-webm-vp8: 9c59270c3fd7afecdb556c50c9e8de78 -> 
  custom:audio-decoder-ogg-vorbis: bf7c407c2cedff20999df2af8eb42d56 -> 
  custom:audio-encoder-webm-vorbis: bf7c407c2cedff20999df2af8eb42d56 -> 
========================================================================
Received Import Request.
  Time since last request: 633.423431 seconds.
  path: Assets/From Joseph/Settings/Settings.unity
  artifactKey: Guid(237534ec987224540afbb93d16a6a66b) Importer(815301076,1909f56bfc062723c751e8b465ee728b)
Start importing Assets/From Joseph/Settings/Settings.unity using Guid(237534ec987224540afbb93d16a6a66b) Importer(815301076,1909f56bfc062723c751e8b465ee728b)  -> (artifact id: 'cb162a7a334df3337f0d1b638fd72296') in 0.014000 seconds 
========================================================================
Received Prepare
Refreshing native plugins compatible for Editor in 92.25 ms, found 12 plugins.
Preloading 0 native plugins for Editor in 0.00 ms.
Unloading 40 Unused Serialized files (Serialized files now loaded: 0)
System memory in use before: 75.8 MB.
System memory in use after: 76.0 MB.

Unloading 40 unused Assets to reduce memory usage. Loaded Objects now: 4462.
Total: 12.891800 ms (FindLiveObjects: 0.579400 ms CreateObjectMapping: 0.290500 ms MarkObjects: 11.911600 ms  DeleteObjects: 0.105900 ms)

AssetImportParameters requested are different than current active one (requested -> active):
  custom:framework-win-MediaFoundation: 216162199b28c13a410421893ffa2e32 -> 
  custom:video-decoder-ogg-theora: a1e56fd34408186e4bbccfd4996cb3dc -> 
  custom:container-muxer-webm: aa71ff27fc2769a1b78a27578f13a17b -> 
  custom:container-demuxer-webm: 4f35f7cbe854078d1ac9338744f61a02 -> 
  custom:container-demuxer-ogg: 62fdf1f143b41e24485cea50d1cbac27 -> 
  custom:video-encoder-webm-vp8: eb34c28f22e8b96e1ab97ce403110664 -> 
  custom:video-decoder-webm-vp8: 9c59270c3fd7afecdb556c50c9e8de78 -> 
  custom:audio-decoder-ogg-vorbis: bf7c407c2cedff20999df2af8eb42d56 -> 
  custom:audio-encoder-webm-vorbis: bf7c407c2cedff20999df2af8eb42d56 -> 
========================================================================
Received Prepare
Refreshing native plugins compatible for Editor in 85.05 ms, found 12 plugins.
Preloading 0 native plugins for Editor in 0.00 ms.
Unloading 40 Unused Serialized files (Serialized files now loaded: 0)
System memory in use before: 75.8 MB.
System memory in use after: 76.0 MB.

Unloading 40 unused Assets to reduce memory usage. Loaded Objects now: 4462.
Total: 12.963900 ms (FindLiveObjects: 0.467400 ms CreateObjectMapping: 0.299400 ms MarkObjects: 12.107300 ms  DeleteObjects: 0.083900 ms)

AssetImportParameters requested are different than current active one (requested -> active):
  custom:framework-win-MediaFoundation: 216162199b28c13a410421893ffa2e32 -> 
  custom:video-decoder-ogg-theora: a1e56fd34408186e4bbccfd4996cb3dc -> 
  custom:container-muxer-webm: aa71ff27fc2769a1b78a27578f13a17b -> 
  custom:container-demuxer-webm: 4f35f7cbe854078d1ac9338744f61a02 -> 
  custom:container-demuxer-ogg: 62fdf1f143b41e24485cea50d1cbac27 -> 
  custom:video-encoder-webm-vp8: eb34c28f22e8b96e1ab97ce403110664 -> 
  custom:video-decoder-webm-vp8: 9c59270c3fd7afecdb556c50c9e8de78 -> 
  custom:audio-decoder-ogg-vorbis: bf7c407c2cedff20999df2af8eb42d56 -> 
  custom:audio-encoder-webm-vorbis: bf7c407c2cedff20999df2af8eb42d56 -> 
========================================================================
Received Import Request.
  Time since last request: 1618.940632 seconds.
  path: Assets/Icons/Samples/Microsoft.MixedReality.OpenXR.Sample.asmdef
  artifactKey: Guid(fc95ab6d61af84f48a8379f9ef05afd1) Importer(815301076,1909f56bfc062723c751e8b465ee728b)
Start importing Assets/Icons/Samples/Microsoft.MixedReality.OpenXR.Sample.asmdef using Guid(fc95ab6d61af84f48a8379f9ef05afd1) Importer(815301076,1909f56bfc062723c751e8b465ee728b)  -> (artifact id: '22c430464ab2f7a994c414f745a5513c') in 0.098277 seconds 
========================================================================
Received Import Request.
  Time since last request: 0.587693 seconds.
  path: Assets/Icons/PNGIcons/CheckList.png
  artifactKey: Guid(39e1bd07c6a58bc4991ec4624d994873) Importer(815301076,1909f56bfc062723c751e8b465ee728b)
Start importing Assets/Icons/PNGIcons/CheckList.png using Guid(39e1bd07c6a58bc4991ec4624d994873) Importer(815301076,1909f56bfc062723c751e8b465ee728b)  -> (artifact id: '341a29abc0f715473ef0b21a243db858') in 1.169408 seconds 
========================================================================
Received Import Request.
  Time since last request: 0.000746 seconds.
  path: Assets/Icons/PNGIcons/Dynamics365Logo.png
  artifactKey: Guid(06e2cdd9620954440a13e3b002f83895) Importer(815301076,1909f56bfc062723c751e8b465ee728b)
Start importing Assets/Icons/PNGIcons/Dynamics365Logo.png using Guid(06e2cdd9620954440a13e3b002f83895) Importer(815301076,1909f56bfc062723c751e8b465ee728b)  -> (artifact id: '58ad052588497b5892d27d91319e3a61') in 0.079435 seconds 
========================================================================
Received Import Request.
  Time since last request: 0.000676 seconds.
  path: Assets/Icons/PNGIcons/NUIFace.png
  artifactKey: Guid(7f2a43c7c6827924bb2e822cf1bf2d1d) Importer(815301076,1909f56bfc062723c751e8b465ee728b)
Start importing Assets/Icons/PNGIcons/NUIFace.png using Guid(7f2a43c7c6827924bb2e822cf1bf2d1d) Importer(815301076,1909f56bfc062723c751e8b465ee728b)  -> (artifact id: '6ff9fbb30f401a206602da2884b64847') in 0.068659 seconds 
========================================================================
Received Import Request.
  Time since last request: 0.000506 seconds.
  path: Assets/Icons/PNGIcons/ClearLabel.png
  artifactKey: Guid(d16520566c68e3a48b8e73960921660b) Importer(815301076,1909f56bfc062723c751e8b465ee728b)
Start importing Assets/Icons/PNGIcons/ClearLabel.png using Guid(d16520566c68e3a48b8e73960921660b) Importer(815301076,1909f56bfc062723c751e8b465ee728b)  -> (artifact id: '131eb755e1f365d74879a47f5368b425') in 0.065022 seconds 
========================================================================
Received Import Request.
  Time since last request: 0.000654 seconds.
  path: Assets/Icons/PNGIcons/HeadsetSolid.png
  artifactKey: Guid(bc25866321eaae843806164c222ceb81) Importer(815301076,1909f56bfc062723c751e8b465ee728b)
Start importing Assets/Icons/PNGIcons/HeadsetSolid.png using Guid(bc25866321eaae843806164c222ceb81) Importer(815301076,1909f56bfc062723c751e8b465ee728b)  -> (artifact id: 'faa6ef91ca92adc865837dfabec6d166') in 0.117905 seconds 
========================================================================
Received Import Request.
  Time since last request: 0.000419 seconds.
  path: Assets/Icons/PNGIcons/FabricOpenFolderHorizontal.png
  artifactKey: Guid(b710c4e0fff7da2408b0e3593be9c77d) Importer(815301076,1909f56bfc062723c751e8b465ee728b)
Start importing Assets/Icons/PNGIcons/FabricOpenFolderHorizontal.png using Guid(b710c4e0fff7da2408b0e3593be9c77d) Importer(815301076,1909f56bfc062723c751e8b465ee728b)  -> (artifact id: 'd28dbc125c62881fbba9004fded52c87') in 0.088943 seconds 
========================================================================
Received Import Request.
  Time since last request: 0.000512 seconds.
  path: Assets/Icons/PNGIcons/SearchObject.png
  artifactKey: Guid(44c83e99b2efdcc4f8f1068813239dbb) Importer(815301076,1909f56bfc062723c751e8b465ee728b)
Start importing Assets/Icons/PNGIcons/SearchObject.png using Guid(44c83e99b2efdcc4f8f1068813239dbb) Importer(815301076,1909f56bfc062723c751e8b465ee728b)  -> (artifact id: 'f16a5b4e44faad3df28cdcef07961ec3') in 0.094059 seconds 
========================================================================
Received Import Request.
  Time since last request: 0.000453 seconds.
  path: Assets/Icons/PNGIcons/Documentation.png
  artifactKey: Guid(f27bfc62b88e79b4188815e833875fc0) Importer(815301076,1909f56bfc062723c751e8b465ee728b)
Start importing Assets/Icons/PNGIcons/Documentation.png using Guid(f27bfc62b88e79b4188815e833875fc0) Importer(815301076,1909f56bfc062723c751e8b465ee728b)  -> (artifact id: '8f0dfaab12af1d74aaf5377b5b72e505') in 0.065213 seconds 
========================================================================
Received Import Request.
  Time since last request: 0.000505 seconds.
  path: Assets/Icons/PNGIcons/Settings.png
  artifactKey: Guid(a362ee11d40fda24d9a52d942e0bf067) Importer(815301076,1909f56bfc062723c751e8b465ee728b)
Start importing Assets/Icons/PNGIcons/Settings.png using Guid(a362ee11d40fda24d9a52d942e0bf067) Importer(815301076,1909f56bfc062723c751e8b465ee728b)  -> (artifact id: '4ba2ab77b431652c6d0fb1f53676b920') in 0.067414 seconds 
========================================================================
Received Import Request.
  Time since last request: 0.000641 seconds.
  path: Assets/Icons/PNGIcons/Video.png
  artifactKey: Guid(f5733072731857a4fafce6651551007f) Importer(815301076,1909f56bfc062723c751e8b465ee728b)
Start importing Assets/Icons/PNGIcons/Video.png using Guid(f5733072731857a4fafce6651551007f) Importer(815301076,1909f56bfc062723c751e8b465ee728b)  -> (artifact id: 'da4e417a915e346673427a598a2084f1') in 0.121726 seconds 
========================================================================
Received Import Request.
  Time since last request: 0.000509 seconds.
  path: Assets/Icons/PNGIcons/QRCode.png
  artifactKey: Guid(8f3276e26dc760d43b7f79a992b8c519) Importer(815301076,1909f56bfc062723c751e8b465ee728b)
Start importing Assets/Icons/PNGIcons/QRCode.png using Guid(8f3276e26dc760d43b7f79a992b8c519) Importer(815301076,1909f56bfc062723c751e8b465ee728b)  -> (artifact id: '676317e72a042d6721206a8a4f742f39') in 0.101906 seconds 
========================================================================
Received Import Request.
  Time since last request: 0.000391 seconds.
  path: Assets/Icons/PNGIcons/TaskList.png
  artifactKey: Guid(def7d1a246eb92046884459145485aa4) Importer(815301076,1909f56bfc062723c751e8b465ee728b)
Start importing Assets/Icons/PNGIcons/TaskList.png using Guid(def7d1a246eb92046884459145485aa4) Importer(815301076,1909f56bfc062723c751e8b465ee728b)  -> (artifact id: '84fe2b41e4835a5c0740569e3fbd40e2') in 0.063932 seconds 
========================================================================
Received Import Request.
  Time since last request: 0.000604 seconds.
  path: Assets/Icons/PNGIcons/GroupObject.png
  artifactKey: Guid(f238ab632c87c2d4f9fcb92a119163b5) Importer(815301076,1909f56bfc062723c751e8b465ee728b)
Start importing Assets/Icons/PNGIcons/GroupObject.png using Guid(f238ab632c87c2d4f9fcb92a119163b5) Importer(815301076,1909f56bfc062723c751e8b465ee728b)  -> (artifact id: '73574775d12529f637f2c4571aea9252') in 0.070400 seconds 
========================================================================
Received Import Request.
  Time since last request: 0.000472 seconds.
  path: Assets/Icons/PNGIcons/Play.png
  artifactKey: Guid(19b4563ef3cb8094daf7730f19278a75) Importer(815301076,1909f56bfc062723c751e8b465ee728b)
Start importing Assets/Icons/PNGIcons/Play.png using Guid(19b4563ef3cb8094daf7730f19278a75) Importer(815301076,1909f56bfc062723c751e8b465ee728b)  -> (artifact id: '0b43e1caca80fba5f03f3448b82d5009') in 0.105412 seconds 
========================================================================
Received Import Request.
  Time since last request: 11.063876 seconds.
  path: Assets/Icons/LTA-Holoapp-IconSet.asset
  artifactKey: Guid(54813e71671475445b3fd608477735b3) Importer(815301076,1909f56bfc062723c751e8b465ee728b)
Start importing Assets/Icons/LTA-Holoapp-IconSet.asset using Guid(54813e71671475445b3fd608477735b3) Importer(815301076,1909f56bfc062723c751e8b465ee728b)  -> (artifact id: 'f2573a8ba07eb1841b88ff386a89bba2') in 0.503744 seconds 
========================================================================
Received Import Request.
  Time since last request: 0.000663 seconds.
  path: Assets/Icons/Pin.mat
  artifactKey: Guid(034c3b6c5d1b8fc438574d984f5c7992) Importer(815301076,1909f56bfc062723c751e8b465ee728b)
Start importing Assets/Icons/Pin.mat using Guid(034c3b6c5d1b8fc438574d984f5c7992) Importer(815301076,1909f56bfc062723c751e8b465ee728b)  -> (artifact id: 'c0fa4f4685856c4e30a938fd50bbbb99') in 0.326652 seconds 
========================================================================
Received Prepare
Refreshing native plugins compatible for Editor in 78.09 ms, found 12 plugins.
Preloading 0 native plugins for Editor in 0.00 ms.
Unloading 40 Unused Serialized files (Serialized files now loaded: 0)
System memory in use before: 75.9 MB.
System memory in use after: 76.2 MB.

Unloading 40 unused Assets to reduce memory usage. Loaded Objects now: 4463.
Total: 17.157100 ms (FindLiveObjects: 1.294400 ms CreateObjectMapping: 0.837600 ms MarkObjects: 14.958000 ms  DeleteObjects: 0.056000 ms)

AssetImportParameters requested are different than current active one (requested -> active):
  custom:framework-win-MediaFoundation: 216162199b28c13a410421893ffa2e32 -> 
  custom:video-decoder-ogg-theora: a1e56fd34408186e4bbccfd4996cb3dc -> 
  custom:container-muxer-webm: aa71ff27fc2769a1b78a27578f13a17b -> 
  custom:container-demuxer-webm: 4f35f7cbe854078d1ac9338744f61a02 -> 
  custom:container-demuxer-ogg: 62fdf1f143b41e24485cea50d1cbac27 -> 
  custom:video-encoder-webm-vp8: eb34c28f22e8b96e1ab97ce403110664 -> 
  custom:video-decoder-webm-vp8: 9c59270c3fd7afecdb556c50c9e8de78 -> 
  custom:audio-decoder-ogg-vorbis: bf7c407c2cedff20999df2af8eb42d56 -> 
  custom:audio-encoder-webm-vorbis: bf7c407c2cedff20999df2af8eb42d56 -> 
========================================================================
Received Import Request.
  Time since last request: 1235.805735 seconds.
  path: Assets/MainMenu.unity
  artifactKey: Guid(6ccbb0f34b23e70439f8656fffacf464) Importer(815301076,1909f56bfc062723c751e8b465ee728b)
Start importing Assets/MainMenu.unity using Guid(6ccbb0f34b23e70439f8656fffacf464) Importer(815301076,1909f56bfc062723c751e8b465ee728b)  -> (artifact id: '8cfc58816254eb27a6490d6af74befc4') in 0.042051 seconds 
========================================================================
Received Prepare
Refreshing native plugins compatible for Editor in 81.72 ms, found 12 plugins.
Preloading 0 native plugins for Editor in 0.00 ms.
Unloading 40 Unused Serialized files (Serialized files now loaded: 0)
System memory in use before: 75.9 MB.
System memory in use after: 76.2 MB.

Unloading 40 unused Assets to reduce memory usage. Loaded Objects now: 4463.
Total: 14.475800 ms (FindLiveObjects: 0.838600 ms CreateObjectMapping: 0.811900 ms MarkObjects: 12.766100 ms  DeleteObjects: 0.055900 ms)

AssetImportParameters requested are different than current active one (requested -> active):
  custom:framework-win-MediaFoundation: 216162199b28c13a410421893ffa2e32 -> 
  custom:video-decoder-ogg-theora: a1e56fd34408186e4bbccfd4996cb3dc -> 
  custom:container-muxer-webm: aa71ff27fc2769a1b78a27578f13a17b -> 
  custom:container-demuxer-webm: 4f35f7cbe854078d1ac9338744f61a02 -> 
  custom:container-demuxer-ogg: 62fdf1f143b41e24485cea50d1cbac27 -> 
  custom:video-encoder-webm-vp8: eb34c28f22e8b96e1ab97ce403110664 -> 
  custom:video-decoder-webm-vp8: 9c59270c3fd7afecdb556c50c9e8de78 -> 
  custom:audio-decoder-ogg-vorbis: bf7c407c2cedff20999df2af8eb42d56 -> 
  custom:audio-encoder-webm-vorbis: bf7c407c2cedff20999df2af8eb42d56 -> 
========================================================================
Received Prepare
Refreshing native plugins compatible for Editor in 198.96 ms, found 12 plugins.
Preloading 0 native plugins for Editor in 0.00 ms.
Unloading 40 Unused Serialized files (Serialized files now loaded: 0)
System memory in use before: 75.9 MB.
System memory in use after: 76.2 MB.

Unloading 40 unused Assets to reduce memory usage. Loaded Objects now: 4463.
Total: 40.442600 ms (FindLiveObjects: 1.331900 ms CreateObjectMapping: 3.200100 ms MarkObjects: 35.722600 ms  DeleteObjects: 0.156700 ms)

AssetImportParameters requested are different than current active one (requested -> active):
  custom:framework-win-MediaFoundation: 216162199b28c13a410421893ffa2e32 -> 
  custom:video-decoder-ogg-theora: a1e56fd34408186e4bbccfd4996cb3dc -> 
  custom:container-muxer-webm: aa71ff27fc2769a1b78a27578f13a17b -> 
  custom:container-demuxer-webm: 4f35f7cbe854078d1ac9338744f61a02 -> 
  custom:container-demuxer-ogg: 62fdf1f143b41e24485cea50d1cbac27 -> 
  custom:video-encoder-webm-vp8: eb34c28f22e8b96e1ab97ce403110664 -> 
  custom:video-decoder-webm-vp8: 9c59270c3fd7afecdb556c50c9e8de78 -> 
  custom:audio-decoder-ogg-vorbis: bf7c407c2cedff20999df2af8eb42d56 -> 
  custom:audio-encoder-webm-vorbis: bf7c407c2cedff20999df2af8eb42d56 -> 
AssetImportWorkerClient::OnTransportError - code=2 error=End of file
