Using pre-set license
Built from '2020.3/staging' branch; Version is '2020.3.33f1 (915a7af8b0d5) revision 9525882'; Using compiler version '192528614'; Build Type 'Release'
OS: 'Windows 10  (10.0.19045) 64bit Education' Language: 'en' Physical Memory: 16075 MB
BatchMode: 1, IsHumanControllingUs: 0, StartBugReporterOnCrash: 0, Is64bit: 1, IsPro: 0

COMMAND LINE ARGUMENTS:
C:\Program Files\Unity\Hub\Editor\2020.3.33f1\Editor\Unity.exe
-adb2
-batchMode
-noUpm
-name
AssetImportWorker1
-projectPath
C:/Users/21027757/Downloads/Android-HARP
-logFile
Logs/AssetImportWorker1.log
-srvPort
51919
Successfully changed project path to: C:/Users/21027757/Downloads/Android-HARP
C:/Users/21027757/Downloads/Android-HARP
Using Asset Import Pipeline V2.
Refreshing native plugins compatible for Editor in 85.17 ms, found 12 plugins.
Preloading 0 native plugins for Editor in 0.00 ms.
Initialize engine version: 2020.3.33f1 (915a7af8b0d5)
[Subsystems] Discovering subsystems at path C:/Program Files/Unity/Hub/Editor/2020.3.33f1/Editor/Data/Resources/UnitySubsystems
[Subsystems] Discovering subsystems at path C:/Users/21027757/Downloads/Android-HARP/Assets
GfxDevice: creating device client; threaded=0
Direct3D:
    Version:  Direct3D 11.0 [level 11.1]
    Renderer: NVIDIA GeForce MX350 (ID=0x1c94)
    Vendor:   
    VRAM:     1979 MB
    Driver:   30.0.15.1169
Initialize mono
Mono path[0] = 'C:/Program Files/Unity/Hub/Editor/2020.3.33f1/Editor/Data/Managed'
Mono path[1] = 'C:/Program Files/Unity/Hub/Editor/2020.3.33f1/Editor/Data/MonoBleedingEdge/lib/mono/unityjit'
Mono config path = 'C:/Program Files/Unity/Hub/Editor/2020.3.33f1/Editor/Data/MonoBleedingEdge/etc'
Using monoOptions --debugger-agent=transport=dt_socket,embedding=1,server=y,suspend=n,address=127.0.0.1:56552
Begin MonoManager ReloadAssembly
Registering precompiled unity dll's ...
Register platform support module: C:/Program Files/Unity/Hub/Editor/2020.3.33f1/Editor/Data/PlaybackEngines/WindowsStandaloneSupport/UnityEditor.WindowsStandalone.Extensions.dll
Registered in 0.002687 seconds.
Native extension for WindowsStandalone target not found
Refreshing native plugins compatible for Editor in 66.07 ms, found 12 plugins.
Preloading 0 native plugins for Editor in 0.00 ms.
Mono: successfully reloaded assembly
- Completed reload, in  0.519 seconds
Domain Reload Profiling:
	ReloadAssembly (519ms)
		BeginReloadAssembly (64ms)
			ExecutionOrderSort (0ms)
			DisableScriptedObjects (0ms)
			BackupInstance (0ms)
			ReleaseScriptingObjects (0ms)
			CreateAndSetChildDomain (1ms)
		EndReloadAssembly (394ms)
			LoadAssemblies (61ms)
			RebuildTransferFunctionScriptingTraits (0ms)
			SetupTypeCache (111ms)
			ReleaseScriptCaches (0ms)
			RebuildScriptCaches (22ms)
			SetupLoadedEditorAssemblies (158ms)
				LogAssemblyErrors (0ms)
				InitializePlatformSupportModulesInManaged (3ms)
				SetLoadedEditorAssemblies (0ms)
				RefreshPlugins (66ms)
				BeforeProcessingInitializeOnLoad (13ms)
				ProcessInitializeOnLoadAttributes (56ms)
				ProcessInitializeOnLoadMethodAttributes (20ms)
				AfterProcessingInitializeOnLoad (0ms)
				EditorAssembliesLoaded (0ms)
			ExecutionOrderSort2 (0ms)
			AwakeInstancesAfterBackupRestoration (0ms)
Platform modules already initialized, skipping
Registering precompiled user dll's ...
Registered in 0.016882 seconds.
Begin MonoManager ReloadAssembly
Symbol file LoadedFromMemory doesn't match image C:\Users\21027757\Downloads\Android-HARP\Library\PackageCache\com.unity.collab-proxy@1.15.15\Lib\Editor\PlasticSCM\unityplastic.dll
Native extension for WindowsStandalone target not found
Refreshing native plugins compatible for Editor in 61.60 ms, found 12 plugins.
Preloading 0 native plugins for Editor in 0.00 ms.
[XR] [MROpenXR][Info   ][08:33:11.044902][tid:dd70] MeshProvider_RegisterLifecycleProvider
[XR] [MROpenXR][Info   ][08:33:11.044902][tid:dd70] MeshProvider_RegisterLifecycleProvider
[XR] [MROpenXR][Info   ][08:33:11.044975][tid:dd70] InputProvider_RegisterLifecycleProvider
[XR] [MROpenXR][Info   ][08:33:11.044975][tid:dd70] InputProvider_RegisterLifecycleProvider
[XR] Error loading subsystem: Display (1) (header mismatch?)
[XR] [MROpenXR][Info   ][08:33:11.047274][tid:dd70] OnPluginStarted UnityVersion=2020.3.33f1 OpenXRPluginVersion=1.5.3 MROpenXRPluginVersion=1.8.0.0 PartA_PrivTags=33554432
[XR] [MROpenXR][Info   ][08:33:11.047274][tid:dd70] OnPluginStarted UnityVersion=2020.3.33f1 OpenXRPluginVersion=1.5.3 MROpenXRPluginVersion=1.8.0.0 PartA_PrivTags=33554432
Mono: successfully reloaded assembly
- Completed reload, in  7.562 seconds
Domain Reload Profiling:
	ReloadAssembly (7569ms)
		BeginReloadAssembly (126ms)
			ExecutionOrderSort (0ms)
			DisableScriptedObjects (3ms)
			BackupInstance (0ms)
			ReleaseScriptingObjects (0ms)
			CreateAndSetChildDomain (15ms)
		EndReloadAssembly (7374ms)
			LoadAssemblies (3420ms)
			RebuildTransferFunctionScriptingTraits (0ms)
			SetupTypeCache (1252ms)
			ReleaseScriptCaches (1ms)
			RebuildScriptCaches (52ms)
			SetupLoadedEditorAssemblies (2511ms)
				LogAssemblyErrors (0ms)
				InitializePlatformSupportModulesInManaged (3ms)
				SetLoadedEditorAssemblies (0ms)
				RefreshPlugins (62ms)
				BeforeProcessingInitializeOnLoad (116ms)
				ProcessInitializeOnLoadAttributes (1594ms)
				ProcessInitializeOnLoadMethodAttributes (726ms)
				AfterProcessingInitializeOnLoad (10ms)
				EditorAssembliesLoaded (0ms)
			ExecutionOrderSort2 (0ms)
			AwakeInstancesAfterBackupRestoration (7ms)
Platform modules already initialized, skipping
========================================================================
Worker process is ready to serve import requests
Launched and connected shader compiler UnityShaderCompiler.exe after 0.06 seconds
Refreshing native plugins compatible for Editor in 1.04 ms, found 12 plugins.
Preloading 0 native plugins for Editor in 0.00 ms.
Unloading 3938 Unused Serialized files (Serialized files now loaded: 0)
System memory in use before: 152.6 MB.
System memory in use after: 152.8 MB.

Unloading 50 unused Assets to reduce memory usage. Loaded Objects now: 4397.
Total: 4.058400 ms (FindLiveObjects: 0.251900 ms CreateObjectMapping: 0.110100 ms MarkObjects: 3.575100 ms  DeleteObjects: 0.119600 ms)

AssetImportParameters requested are different than current active one (requested -> active):
  custom:framework-win-MediaFoundation: 216162199b28c13a410421893ffa2e32 -> 
  custom:video-decoder-ogg-theora: a1e56fd34408186e4bbccfd4996cb3dc -> 
  custom:container-muxer-webm: aa71ff27fc2769a1b78a27578f13a17b -> 
  custom:container-demuxer-webm: 4f35f7cbe854078d1ac9338744f61a02 -> 
  custom:container-demuxer-ogg: 62fdf1f143b41e24485cea50d1cbac27 -> 
  custom:video-encoder-webm-vp8: eb34c28f22e8b96e1ab97ce403110664 -> 
  custom:video-decoder-webm-vp8: 9c59270c3fd7afecdb556c50c9e8de78 -> 
  custom:audio-decoder-ogg-vorbis: bf7c407c2cedff20999df2af8eb42d56 -> 
  custom:audio-encoder-webm-vorbis: bf7c407c2cedff20999df2af8eb42d56 -> 
========================================================================
Received Import Request.
  path: Assets/From Joseph/Script/ScrollCheckList.cs
  artifactKey: Guid(5e9c97a4fb103c04b9477e312bd437ca) Importer(815301076,1909f56bfc062723c751e8b465ee728b)
Start importing Assets/From Joseph/Script/ScrollCheckList.cs using Guid(5e9c97a4fb103c04b9477e312bd437ca) Importer(815301076,1909f56bfc062723c751e8b465ee728b)  -> (artifact id: '7ac49f62b2d1b1e8beb217dd7245413e') in 0.086840 seconds 
========================================================================
Received Import Request.
  Time since last request: 0.000360 seconds.
  path: Assets/CheckList/CheckList.unity
  artifactKey: Guid(6fbb23dd156caf64eb367bbe317b21cd) Importer(815301076,1909f56bfc062723c751e8b465ee728b)
Start importing Assets/CheckList/CheckList.unity using Guid(6fbb23dd156caf64eb367bbe317b21cd) Importer(815301076,1909f56bfc062723c751e8b465ee728b)  -> (artifact id: '49d48a34afe6fa4d1f13a02c674909b5') in 0.015396 seconds 
========================================================================
Received Import Request.
  Time since last request: 5456.334050 seconds.
  path: Assets/UXRSamples/Environments/Materials/CubeRoomEnvMat.mat
  artifactKey: Guid(689ba0fd6695140c38f76e6217599f37) Importer(815301076,1909f56bfc062723c751e8b465ee728b)
Start importing Assets/UXRSamples/Environments/Materials/CubeRoomEnvMat.mat using Guid(689ba0fd6695140c38f76e6217599f37) Importer(815301076,1909f56bfc062723c751e8b465ee728b)  -> (artifact id: '8ec402b31540f08da1329737e2c730bc') in 0.465725 seconds 
========================================================================
Received Import Request.
  Time since last request: 1085.783095 seconds.
  path: Assets/ObjectDetect/ObjectDetect.unity
  artifactKey: Guid(b0869c277f5582d4c847146b2709512e) Importer(815301076,1909f56bfc062723c751e8b465ee728b)
Start importing Assets/ObjectDetect/ObjectDetect.unity using Guid(b0869c277f5582d4c847146b2709512e) Importer(815301076,1909f56bfc062723c751e8b465ee728b)  -> (artifact id: 'ef676bdf034288b4aa4731932a681d03') in 0.019968 seconds 
========================================================================
Received Import Request.
  Time since last request: 49.405790 seconds.
  path: Assets/From Joseph/Settings/Settings.unity
  artifactKey: Guid(237534ec987224540afbb93d16a6a66b) Importer(815301076,1909f56bfc062723c751e8b465ee728b)
Start importing Assets/From Joseph/Settings/Settings.unity using Guid(237534ec987224540afbb93d16a6a66b) Importer(815301076,1909f56bfc062723c751e8b465ee728b)  -> (artifact id: '2d9a84af114d8974e72b663c2df3b21b') in 0.019458 seconds 
========================================================================
Received Prepare
Refreshing native plugins compatible for Editor in 22.75 ms, found 12 plugins.
Preloading 0 native plugins for Editor in 0.00 ms.
Unloading 40 Unused Serialized files (Serialized files now loaded: 0)
System memory in use before: 75.6 MB.
System memory in use after: 75.9 MB.

Unloading 40 unused Assets to reduce memory usage. Loaded Objects now: 4437.
Total: 38.804200 ms (FindLiveObjects: 0.279200 ms CreateObjectMapping: 0.133200 ms MarkObjects: 38.346700 ms  DeleteObjects: 0.043500 ms)

AssetImportParameters requested are different than current active one (requested -> active):
  custom:framework-win-MediaFoundation: 216162199b28c13a410421893ffa2e32 -> 
  custom:video-decoder-ogg-theora: a1e56fd34408186e4bbccfd4996cb3dc -> 
  custom:container-muxer-webm: aa71ff27fc2769a1b78a27578f13a17b -> 
  custom:container-demuxer-webm: 4f35f7cbe854078d1ac9338744f61a02 -> 
  custom:container-demuxer-ogg: 62fdf1f143b41e24485cea50d1cbac27 -> 
  custom:video-encoder-webm-vp8: eb34c28f22e8b96e1ab97ce403110664 -> 
  custom:video-decoder-webm-vp8: 9c59270c3fd7afecdb556c50c9e8de78 -> 
  custom:audio-decoder-ogg-vorbis: bf7c407c2cedff20999df2af8eb42d56 -> 
  custom:audio-encoder-webm-vorbis: bf7c407c2cedff20999df2af8eb42d56 -> 
========================================================================
Received Prepare
Refreshing native plugins compatible for Editor in 19.00 ms, found 12 plugins.
Preloading 0 native plugins for Editor in 0.00 ms.
Unloading 40 Unused Serialized files (Serialized files now loaded: 0)
System memory in use before: 75.6 MB.
System memory in use after: 75.9 MB.

Unloading 40 unused Assets to reduce memory usage. Loaded Objects now: 4437.
Total: 3.876700 ms (FindLiveObjects: 0.291100 ms CreateObjectMapping: 0.145500 ms MarkObjects: 3.388800 ms  DeleteObjects: 0.050500 ms)

AssetImportParameters requested are different than current active one (requested -> active):
  custom:framework-win-MediaFoundation: 216162199b28c13a410421893ffa2e32 -> 
  custom:video-decoder-ogg-theora: a1e56fd34408186e4bbccfd4996cb3dc -> 
  custom:container-muxer-webm: aa71ff27fc2769a1b78a27578f13a17b -> 
  custom:container-demuxer-webm: 4f35f7cbe854078d1ac9338744f61a02 -> 
  custom:container-demuxer-ogg: 62fdf1f143b41e24485cea50d1cbac27 -> 
  custom:video-encoder-webm-vp8: eb34c28f22e8b96e1ab97ce403110664 -> 
  custom:video-decoder-webm-vp8: 9c59270c3fd7afecdb556c50c9e8de78 -> 
  custom:audio-decoder-ogg-vorbis: bf7c407c2cedff20999df2af8eb42d56 -> 
  custom:audio-encoder-webm-vorbis: bf7c407c2cedff20999df2af8eb42d56 -> 
========================================================================
Received Import Request.
  Time since last request: 509.575807 seconds.
  path: Assets/From Joseph/Script/VoiceDocument.cs
  artifactKey: Guid(151984e7b4275df4598912ab796ea293) Importer(815301076,1909f56bfc062723c751e8b465ee728b)
Start importing Assets/From Joseph/Script/VoiceDocument.cs using Guid(151984e7b4275df4598912ab796ea293) Importer(815301076,1909f56bfc062723c751e8b465ee728b)  -> (artifact id: 'ee9af264aa94e3bdc60a0cbac042a3bf') in 0.028266 seconds 
========================================================================
Received Import Request.
  Time since last request: 71.292393 seconds.
  path: Assets/DLAB_Models/DLab Chair.mat
  artifactKey: Guid(713337fe615b12441ac61c4182a6d68d) Importer(815301076,1909f56bfc062723c751e8b465ee728b)
Start importing Assets/DLAB_Models/DLab Chair.mat using Guid(713337fe615b12441ac61c4182a6d68d) Importer(815301076,1909f56bfc062723c751e8b465ee728b)  -> (artifact id: 'b5b2413e81a564b9e5d9d7e37b08e701') in 0.090530 seconds 
========================================================================
Received Import Request.
  Time since last request: 0.000371 seconds.
  path: Assets/DLAB_Models/DLab Main Door Entrance.mat
  artifactKey: Guid(924756b501eec5d4383f7bc9ed9a2879) Importer(815301076,1909f56bfc062723c751e8b465ee728b)
Start importing Assets/DLAB_Models/DLab Main Door Entrance.mat using Guid(924756b501eec5d4383f7bc9ed9a2879) Importer(815301076,1909f56bfc062723c751e8b465ee728b)  -> (artifact id: 'db0cb8fe5bbdd0745ff222e422057a3e') in 0.035490 seconds 
========================================================================
Received Import Request.
  Time since last request: 0.000383 seconds.
  path: Assets/DLAB_Models/DLab Table.mat
  artifactKey: Guid(db9b80e9ce4cb884ca8d9f734058d6eb) Importer(815301076,1909f56bfc062723c751e8b465ee728b)
Start importing Assets/DLAB_Models/DLab Table.mat using Guid(db9b80e9ce4cb884ca8d9f734058d6eb) Importer(815301076,1909f56bfc062723c751e8b465ee728b)  -> (artifact id: '8ead10df3718fd736b335cbce4465ed1') in 0.036782 seconds 
========================================================================
Received Import Request.
  Time since last request: 0.000520 seconds.
  path: Assets/DLAB_Models/Dlab Glass.mat
  artifactKey: Guid(948f2494d839b0844a84ae1c8f33c2a1) Importer(815301076,1909f56bfc062723c751e8b465ee728b)
Start importing Assets/DLAB_Models/Dlab Glass.mat using Guid(948f2494d839b0844a84ae1c8f33c2a1) Importer(815301076,1909f56bfc062723c751e8b465ee728b)  -> (artifact id: '488ceb14e84e9f08a86df4d36eb70307') in 0.037879 seconds 
========================================================================
Received Import Request.
  Time since last request: 0.000269 seconds.
  path: Assets/DLAB_Models/DLab Laptop.mat
  artifactKey: Guid(a3a6f12124e8b1146b51594f9abaf466) Importer(815301076,1909f56bfc062723c751e8b465ee728b)
Start importing Assets/DLAB_Models/DLab Laptop.mat using Guid(a3a6f12124e8b1146b51594f9abaf466) Importer(815301076,1909f56bfc062723c751e8b465ee728b)  -> (artifact id: 'a434e1724a3ad603f50944504c7126a1') in 0.033801 seconds 
========================================================================
Received Import Request.
  Time since last request: 0.000454 seconds.
  path: Assets/DLAB_Models/DLab White Wall.mat
  artifactKey: Guid(c26b408aaf8faad4c926b319eb126dc3) Importer(815301076,1909f56bfc062723c751e8b465ee728b)
Start importing Assets/DLAB_Models/DLab White Wall.mat using Guid(c26b408aaf8faad4c926b319eb126dc3) Importer(815301076,1909f56bfc062723c751e8b465ee728b)  -> (artifact id: 'f359f8ce1dbc191275fe0646b6a10451') in 0.033910 seconds 
========================================================================
Received Import Request.
  Time since last request: 0.000405 seconds.
  path: Assets/DLAB_Models/DLab Light.mat
  artifactKey: Guid(b7a58a66a09ac504aab5090b741318d2) Importer(815301076,1909f56bfc062723c751e8b465ee728b)
Start importing Assets/DLAB_Models/DLab Light.mat using Guid(b7a58a66a09ac504aab5090b741318d2) Importer(815301076,1909f56bfc062723c751e8b465ee728b)  -> (artifact id: 'e8d2d71409e9b7b69c0e02709cf931ff') in 0.033976 seconds 
========================================================================
Received Prepare
Registering precompiled user dll's ...
Registered in 0.488693 seconds.
Begin MonoManager ReloadAssembly
Symbol file LoadedFromMemory doesn't match image C:\Users\21027757\Downloads\Android-HARP\Library\PackageCache\com.unity.collab-proxy@1.15.15\Lib\Editor\PlasticSCM\unityplastic.dll
Native extension for WindowsStandalone target not found
Refreshing native plugins compatible for Editor in 1.09 ms, found 12 plugins.
Preloading 0 native plugins for Editor in 0.00 ms.
Mono: successfully reloaded assembly
- Completed reload, in  3.700 seconds
Domain Reload Profiling:
	ReloadAssembly (3704ms)
		BeginReloadAssembly (711ms)
			ExecutionOrderSort (0ms)
			DisableScriptedObjects (27ms)
			BackupInstance (0ms)
			ReleaseScriptingObjects (0ms)
			CreateAndSetChildDomain (476ms)
		EndReloadAssembly (2913ms)
			LoadAssemblies (176ms)
			RebuildTransferFunctionScriptingTraits (0ms)
			SetupTypeCache (349ms)
			ReleaseScriptCaches (1ms)
			RebuildScriptCaches (41ms)
			SetupLoadedEditorAssemblies (2061ms)
				LogAssemblyErrors (0ms)
				InitializePlatformSupportModulesInManaged (6ms)
				SetLoadedEditorAssemblies (2ms)
				RefreshPlugins (1ms)
				BeforeProcessingInitializeOnLoad (127ms)
				ProcessInitializeOnLoadAttributes (1885ms)
				ProcessInitializeOnLoadMethodAttributes (29ms)
				AfterProcessingInitializeOnLoad (10ms)
				EditorAssembliesLoaded (0ms)
			ExecutionOrderSort2 (0ms)
			AwakeInstancesAfterBackupRestoration (10ms)
Platform modules already initialized, skipping
Switching build target platform(19) subTarget(0) extendedPlatform(0) -> platform(13) subTarget(524288) extendedPlatform(0)
Refreshing native plugins compatible for Editor in 0.93 ms, found 12 plugins.
Preloading 0 native plugins for Editor in 0.00 ms.
Unloading 3886 Unused Serialized files (Serialized files now loaded: 0)
System memory in use before: 152.2 MB.
System memory in use after: 152.5 MB.

Unloading 43 unused Assets to reduce memory usage. Loaded Objects now: 4441.
Total: 3.132800 ms (FindLiveObjects: 0.240100 ms CreateObjectMapping: 0.100200 ms MarkObjects: 2.759500 ms  DeleteObjects: 0.031400 ms)

AssetImportParameters requested are different than current active one (requested -> active):
  custom:framework-win-MediaFoundation: 216162199b28c13a410421893ffa2e32 -> 
  custom:video-decoder-ogg-theora: a1e56fd34408186e4bbccfd4996cb3dc -> 
  custom:container-muxer-webm: aa71ff27fc2769a1b78a27578f13a17b -> 
  custom:container-demuxer-webm: 4f35f7cbe854078d1ac9338744f61a02 -> 
  custom:container-demuxer-ogg: 62fdf1f143b41e24485cea50d1cbac27 -> 
  custom:video-encoder-webm-vp8: eb34c28f22e8b96e1ab97ce403110664 -> 
  custom:video-decoder-webm-vp8: 9c59270c3fd7afecdb556c50c9e8de78 -> 
  custom:graphics/normal-map-encoding: 01000000000000000000000000000000 -> 02000000000000000000000000000000
  custom:audio-decoder-ogg-vorbis: bf7c407c2cedff20999df2af8eb42d56 -> 
  custom:audio-encoder-webm-vorbis: bf7c407c2cedff20999df2af8eb42d56 -> 
========================================================================
Received Prepare
Refreshing native plugins compatible for Editor in 24.86 ms, found 12 plugins.
Preloading 0 native plugins for Editor in 0.00 ms.
Unloading 40 Unused Serialized files (Serialized files now loaded: 0)
System memory in use before: 76.1 MB.
System memory in use after: 76.4 MB.

Unloading 40 unused Assets to reduce memory usage. Loaded Objects now: 4441.
Total: 3.802800 ms (FindLiveObjects: 0.293800 ms CreateObjectMapping: 0.135300 ms MarkObjects: 3.331100 ms  DeleteObjects: 0.040900 ms)

AssetImportParameters requested are different than current active one (requested -> active):
  custom:framework-win-MediaFoundation: 216162199b28c13a410421893ffa2e32 -> 
  custom:video-decoder-ogg-theora: a1e56fd34408186e4bbccfd4996cb3dc -> 
  custom:container-muxer-webm: aa71ff27fc2769a1b78a27578f13a17b -> 
  custom:container-demuxer-webm: 4f35f7cbe854078d1ac9338744f61a02 -> 
  custom:container-demuxer-ogg: 62fdf1f143b41e24485cea50d1cbac27 -> 
  custom:video-encoder-webm-vp8: eb34c28f22e8b96e1ab97ce403110664 -> 
  custom:video-decoder-webm-vp8: 9c59270c3fd7afecdb556c50c9e8de78 -> 
  custom:audio-decoder-ogg-vorbis: bf7c407c2cedff20999df2af8eb42d56 -> 
  custom:audio-encoder-webm-vorbis: bf7c407c2cedff20999df2af8eb42d56 -> 
========================================================================
Received Prepare
Refreshing native plugins compatible for Editor in 25.37 ms, found 12 plugins.
Preloading 0 native plugins for Editor in 0.00 ms.
Unloading 40 Unused Serialized files (Serialized files now loaded: 0)
System memory in use before: 76.1 MB.
System memory in use after: 76.4 MB.

Unloading 40 unused Assets to reduce memory usage. Loaded Objects now: 4441.
Total: 5.809800 ms (FindLiveObjects: 0.456700 ms CreateObjectMapping: 0.314300 ms MarkObjects: 5.002300 ms  DeleteObjects: 0.035000 ms)

AssetImportParameters requested are different than current active one (requested -> active):
  custom:framework-win-MediaFoundation: 216162199b28c13a410421893ffa2e32 -> 
  custom:video-decoder-ogg-theora: a1e56fd34408186e4bbccfd4996cb3dc -> 
  custom:container-muxer-webm: aa71ff27fc2769a1b78a27578f13a17b -> 
  custom:container-demuxer-webm: 4f35f7cbe854078d1ac9338744f61a02 -> 
  custom:container-demuxer-ogg: 62fdf1f143b41e24485cea50d1cbac27 -> 
  custom:video-encoder-webm-vp8: eb34c28f22e8b96e1ab97ce403110664 -> 
  custom:video-decoder-webm-vp8: 9c59270c3fd7afecdb556c50c9e8de78 -> 
  custom:audio-decoder-ogg-vorbis: bf7c407c2cedff20999df2af8eb42d56 -> 
  custom:audio-encoder-webm-vorbis: bf7c407c2cedff20999df2af8eb42d56 -> 
========================================================================
Received Prepare
Registering precompiled user dll's ...
Registered in 0.034795 seconds.
Begin MonoManager ReloadAssembly
Symbol file LoadedFromMemory doesn't match image C:\Users\21027757\Downloads\Android-HARP\Library\PackageCache\com.unity.collab-proxy@1.15.15\Lib\Editor\PlasticSCM\unityplastic.dll
Native extension for WindowsStandalone target not found
Refreshing native plugins compatible for Editor in 1.12 ms, found 12 plugins.
Preloading 0 native plugins for Editor in 0.00 ms.
Mono: successfully reloaded assembly
- Completed reload, in  2.450 seconds
Domain Reload Profiling:
	ReloadAssembly (2451ms)
		BeginReloadAssembly (146ms)
			ExecutionOrderSort (0ms)
			DisableScriptedObjects (3ms)
			BackupInstance (0ms)
			ReleaseScriptingObjects (0ms)
			CreateAndSetChildDomain (40ms)
		EndReloadAssembly (2227ms)
			LoadAssemblies (149ms)
			RebuildTransferFunctionScriptingTraits (0ms)
			SetupTypeCache (632ms)
			ReleaseScriptCaches (2ms)
			RebuildScriptCaches (54ms)
			SetupLoadedEditorAssemblies (1210ms)
				LogAssemblyErrors (0ms)
				InitializePlatformSupportModulesInManaged (3ms)
				SetLoadedEditorAssemblies (0ms)
				RefreshPlugins (1ms)
				BeforeProcessingInitializeOnLoad (119ms)
				ProcessInitializeOnLoadAttributes (1050ms)
				ProcessInitializeOnLoadMethodAttributes (28ms)
				AfterProcessingInitializeOnLoad (9ms)
				EditorAssembliesLoaded (0ms)
			ExecutionOrderSort2 (0ms)
			AwakeInstancesAfterBackupRestoration (8ms)
Platform modules already initialized, skipping
Switching build target platform(19) subTarget(0) extendedPlatform(0) -> platform(13) subTarget(524288) extendedPlatform(0)
Refreshing native plugins compatible for Editor in 1.58 ms, found 12 plugins.
Preloading 0 native plugins for Editor in 0.00 ms.
Unloading 3886 Unused Serialized files (Serialized files now loaded: 0)
System memory in use before: 152.3 MB.
System memory in use after: 152.5 MB.

Unloading 43 unused Assets to reduce memory usage. Loaded Objects now: 4445.
Total: 2.998300 ms (FindLiveObjects: 0.259200 ms CreateObjectMapping: 0.097500 ms MarkObjects: 2.606500 ms  DeleteObjects: 0.033800 ms)

AssetImportParameters requested are different than current active one (requested -> active):
  custom:framework-win-MediaFoundation: 216162199b28c13a410421893ffa2e32 -> 
  custom:video-decoder-ogg-theora: a1e56fd34408186e4bbccfd4996cb3dc -> 
  custom:container-muxer-webm: aa71ff27fc2769a1b78a27578f13a17b -> 
  custom:container-demuxer-webm: 4f35f7cbe854078d1ac9338744f61a02 -> 
  custom:container-demuxer-ogg: 62fdf1f143b41e24485cea50d1cbac27 -> 
  custom:video-encoder-webm-vp8: eb34c28f22e8b96e1ab97ce403110664 -> 
  custom:video-decoder-webm-vp8: 9c59270c3fd7afecdb556c50c9e8de78 -> 
  custom:graphics/normal-map-encoding: 01000000000000000000000000000000 -> 02000000000000000000000000000000
  custom:audio-decoder-ogg-vorbis: bf7c407c2cedff20999df2af8eb42d56 -> 
  custom:audio-encoder-webm-vorbis: bf7c407c2cedff20999df2af8eb42d56 -> 
========================================================================
Received Import Request.
  Time since last request: 1251.220438 seconds.
  path: Assets/CheckList/CheckList.unity
  artifactKey: Guid(6fbb23dd156caf64eb367bbe317b21cd) Importer(815301076,1909f56bfc062723c751e8b465ee728b)
Start importing Assets/CheckList/CheckList.unity using Guid(6fbb23dd156caf64eb367bbe317b21cd) Importer(815301076,1909f56bfc062723c751e8b465ee728b)  -> (artifact id: '6cc92ca2f5d73246c76a3e82d6a7504d') in 0.029984 seconds 
========================================================================
Received Prepare
Refreshing native plugins compatible for Editor in 16.56 ms, found 12 plugins.
Preloading 0 native plugins for Editor in 0.00 ms.
Unloading 40 Unused Serialized files (Serialized files now loaded: 0)
System memory in use before: 76.2 MB.
System memory in use after: 76.4 MB.

Unloading 40 unused Assets to reduce memory usage. Loaded Objects now: 4445.
Total: 3.846000 ms (FindLiveObjects: 0.282300 ms CreateObjectMapping: 0.119900 ms MarkObjects: 3.418900 ms  DeleteObjects: 0.024100 ms)

AssetImportParameters requested are different than current active one (requested -> active):
  custom:framework-win-MediaFoundation: 216162199b28c13a410421893ffa2e32 -> 
  custom:video-decoder-ogg-theora: a1e56fd34408186e4bbccfd4996cb3dc -> 
  custom:container-muxer-webm: aa71ff27fc2769a1b78a27578f13a17b -> 
  custom:container-demuxer-webm: 4f35f7cbe854078d1ac9338744f61a02 -> 
  custom:container-demuxer-ogg: 62fdf1f143b41e24485cea50d1cbac27 -> 
  custom:video-encoder-webm-vp8: eb34c28f22e8b96e1ab97ce403110664 -> 
  custom:video-decoder-webm-vp8: 9c59270c3fd7afecdb556c50c9e8de78 -> 
  custom:audio-decoder-ogg-vorbis: bf7c407c2cedff20999df2af8eb42d56 -> 
  custom:audio-encoder-webm-vorbis: bf7c407c2cedff20999df2af8eb42d56 -> 
========================================================================
Received Prepare
Refreshing native plugins compatible for Editor in 25.24 ms, found 12 plugins.
Preloading 0 native plugins for Editor in 0.00 ms.
Unloading 40 Unused Serialized files (Serialized files now loaded: 0)
System memory in use before: 76.2 MB.
System memory in use after: 76.4 MB.

Unloading 40 unused Assets to reduce memory usage. Loaded Objects now: 4445.
Total: 5.063800 ms (FindLiveObjects: 0.322200 ms CreateObjectMapping: 0.168600 ms MarkObjects: 4.527900 ms  DeleteObjects: 0.043600 ms)

AssetImportParameters requested are different than current active one (requested -> active):
  custom:framework-win-MediaFoundation: 216162199b28c13a410421893ffa2e32 -> 
  custom:video-decoder-ogg-theora: a1e56fd34408186e4bbccfd4996cb3dc -> 
  custom:container-muxer-webm: aa71ff27fc2769a1b78a27578f13a17b -> 
  custom:container-demuxer-webm: 4f35f7cbe854078d1ac9338744f61a02 -> 
  custom:container-demuxer-ogg: 62fdf1f143b41e24485cea50d1cbac27 -> 
  custom:video-encoder-webm-vp8: eb34c28f22e8b96e1ab97ce403110664 -> 
  custom:video-decoder-webm-vp8: 9c59270c3fd7afecdb556c50c9e8de78 -> 
  custom:audio-decoder-ogg-vorbis: bf7c407c2cedff20999df2af8eb42d56 -> 
  custom:audio-encoder-webm-vorbis: bf7c407c2cedff20999df2af8eb42d56 -> 
========================================================================
Received Import Request.
  Time since last request: 1204.739765 seconds.
  path: Assets/SceneLoader.cs
  artifactKey: Guid(40b7ba570ccfa1f4baaf16b04c8b7124) Importer(815301076,1909f56bfc062723c751e8b465ee728b)
Start importing Assets/SceneLoader.cs using Guid(40b7ba570ccfa1f4baaf16b04c8b7124) Importer(815301076,1909f56bfc062723c751e8b465ee728b)  -> (artifact id: 'a9556c46f840a155f81c9cfa19acb60f') in 0.020787 seconds 
========================================================================
Received Import Request.
  Time since last request: 23.446793 seconds.
  path: Assets/UXRSamples/Scenes
  artifactKey: Guid(3aca0c54a22a34d30a6d6552a3e33ceb) Importer(815301076,1909f56bfc062723c751e8b465ee728b)
Start importing Assets/UXRSamples/Scenes using Guid(3aca0c54a22a34d30a6d6552a3e33ceb) Importer(815301076,1909f56bfc062723c751e8b465ee728b)  -> (artifact id: 'e89672e1df4dc85fe660073161df306e') in 0.022124 seconds 
========================================================================
Received Import Request.
  Time since last request: 1.976537 seconds.
  path: Assets/UXRSamples/Scenes/uxr00-MainScene.unity
  artifactKey: Guid(cf456bb48710aad41a8f5a2753401d8c) Importer(815301076,1909f56bfc062723c751e8b465ee728b)
Start importing Assets/UXRSamples/Scenes/uxr00-MainScene.unity using Guid(cf456bb48710aad41a8f5a2753401d8c) Importer(815301076,1909f56bfc062723c751e8b465ee728b)  -> (artifact id: '008000ca206ad3f06f9dc9b187b32d0d') in 0.023671 seconds 
========================================================================
Received Import Request.
  Time since last request: 0.982241 seconds.
  path: Assets/UXRSamples/Scenes/uxr01-HeadTracking.unity
  artifactKey: Guid(4342d2a26dba345f08a6a2beee09a31b) Importer(815301076,1909f56bfc062723c751e8b465ee728b)
Start importing Assets/UXRSamples/Scenes/uxr01-HeadTracking.unity using Guid(4342d2a26dba345f08a6a2beee09a31b) Importer(815301076,1909f56bfc062723c751e8b465ee728b)  -> (artifact id: 'db18ae69b969cf9ca03799587830e6b6') in 0.023507 seconds 
========================================================================
Received Prepare
Registering precompiled user dll's ...
Registered in 0.473762 seconds.
Begin MonoManager ReloadAssembly
Symbol file LoadedFromMemory doesn't match image C:\Users\21027757\Downloads\Android-HARP\Library\PackageCache\com.unity.collab-proxy@1.15.15\Lib\Editor\PlasticSCM\unityplastic.dll
Native extension for WindowsStandalone target not found
Refreshing native plugins compatible for Editor in 1.00 ms, found 12 plugins.
Preloading 0 native plugins for Editor in 0.00 ms.
Mono: successfully reloaded assembly
- Completed reload, in  2.787 seconds
Domain Reload Profiling:
	ReloadAssembly (2787ms)
		BeginReloadAssembly (164ms)
			ExecutionOrderSort (0ms)
			DisableScriptedObjects (4ms)
			BackupInstance (0ms)
			ReleaseScriptingObjects (0ms)
			CreateAndSetChildDomain (43ms)
		EndReloadAssembly (2522ms)
			LoadAssemblies (183ms)
			RebuildTransferFunctionScriptingTraits (0ms)
			SetupTypeCache (347ms)
			ReleaseScriptCaches (1ms)
			RebuildScriptCaches (44ms)
			SetupLoadedEditorAssemblies (1632ms)
				LogAssemblyErrors (0ms)
				InitializePlatformSupportModulesInManaged (3ms)
				SetLoadedEditorAssemblies (0ms)
				RefreshPlugins (1ms)
				BeforeProcessingInitializeOnLoad (153ms)
				ProcessInitializeOnLoadAttributes (1436ms)
				ProcessInitializeOnLoadMethodAttributes (28ms)
				AfterProcessingInitializeOnLoad (10ms)
				EditorAssembliesLoaded (0ms)
			ExecutionOrderSort2 (0ms)
			AwakeInstancesAfterBackupRestoration (10ms)
Platform modules already initialized, skipping
Switching build target platform(19) subTarget(0) extendedPlatform(0) -> platform(13) subTarget(524288) extendedPlatform(0)
Refreshing native plugins compatible for Editor in 1.28 ms, found 12 plugins.
Preloading 0 native plugins for Editor in 0.00 ms.
Unloading 3886 Unused Serialized files (Serialized files now loaded: 0)
System memory in use before: 152.3 MB.
System memory in use after: 152.6 MB.

Unloading 43 unused Assets to reduce memory usage. Loaded Objects now: 4449.
Total: 5.861200 ms (FindLiveObjects: 0.331300 ms CreateObjectMapping: 0.158500 ms MarkObjects: 5.243800 ms  DeleteObjects: 0.125800 ms)

AssetImportParameters requested are different than current active one (requested -> active):
  custom:framework-win-MediaFoundation: 216162199b28c13a410421893ffa2e32 -> 
  custom:video-decoder-ogg-theora: a1e56fd34408186e4bbccfd4996cb3dc -> 
  custom:container-muxer-webm: aa71ff27fc2769a1b78a27578f13a17b -> 
  custom:container-demuxer-webm: 4f35f7cbe854078d1ac9338744f61a02 -> 
  custom:container-demuxer-ogg: 62fdf1f143b41e24485cea50d1cbac27 -> 
  custom:video-encoder-webm-vp8: eb34c28f22e8b96e1ab97ce403110664 -> 
  custom:video-decoder-webm-vp8: 9c59270c3fd7afecdb556c50c9e8de78 -> 
  custom:graphics/normal-map-encoding: 01000000000000000000000000000000 -> 02000000000000000000000000000000
  custom:audio-decoder-ogg-vorbis: bf7c407c2cedff20999df2af8eb42d56 -> 
  custom:audio-encoder-webm-vorbis: bf7c407c2cedff20999df2af8eb42d56 -> 
========================================================================
Received Prepare
Refreshing native plugins compatible for Editor in 21.94 ms, found 12 plugins.
Preloading 0 native plugins for Editor in 0.00 ms.
Unloading 40 Unused Serialized files (Serialized files now loaded: 0)
System memory in use before: 76.2 MB.
System memory in use after: 76.5 MB.

Unloading 40 unused Assets to reduce memory usage. Loaded Objects now: 4449.
Total: 4.613800 ms (FindLiveObjects: 0.313600 ms CreateObjectMapping: 0.356200 ms MarkObjects: 3.897400 ms  DeleteObjects: 0.044500 ms)

AssetImportParameters requested are different than current active one (requested -> active):
  custom:framework-win-MediaFoundation: 216162199b28c13a410421893ffa2e32 -> 
  custom:video-decoder-ogg-theora: a1e56fd34408186e4bbccfd4996cb3dc -> 
  custom:container-muxer-webm: aa71ff27fc2769a1b78a27578f13a17b -> 
  custom:container-demuxer-webm: 4f35f7cbe854078d1ac9338744f61a02 -> 
  custom:container-demuxer-ogg: 62fdf1f143b41e24485cea50d1cbac27 -> 
  custom:video-encoder-webm-vp8: eb34c28f22e8b96e1ab97ce403110664 -> 
  custom:video-decoder-webm-vp8: 9c59270c3fd7afecdb556c50c9e8de78 -> 
  custom:audio-decoder-ogg-vorbis: bf7c407c2cedff20999df2af8eb42d56 -> 
  custom:audio-encoder-webm-vorbis: bf7c407c2cedff20999df2af8eb42d56 -> 
========================================================================
Received Prepare
Refreshing native plugins compatible for Editor in 21.66 ms, found 12 plugins.
Preloading 0 native plugins for Editor in 0.00 ms.
Unloading 40 Unused Serialized files (Serialized files now loaded: 0)
System memory in use before: 76.2 MB.
System memory in use after: 76.5 MB.

Unloading 40 unused Assets to reduce memory usage. Loaded Objects now: 4449.
Total: 3.922600 ms (FindLiveObjects: 0.334800 ms CreateObjectMapping: 0.128300 ms MarkObjects: 3.423800 ms  DeleteObjects: 0.034400 ms)

AssetImportParameters requested are different than current active one (requested -> active):
  custom:framework-win-MediaFoundation: 216162199b28c13a410421893ffa2e32 -> 
  custom:video-decoder-ogg-theora: a1e56fd34408186e4bbccfd4996cb3dc -> 
  custom:container-muxer-webm: aa71ff27fc2769a1b78a27578f13a17b -> 
  custom:container-demuxer-webm: 4f35f7cbe854078d1ac9338744f61a02 -> 
  custom:container-demuxer-ogg: 62fdf1f143b41e24485cea50d1cbac27 -> 
  custom:video-encoder-webm-vp8: eb34c28f22e8b96e1ab97ce403110664 -> 
  custom:video-decoder-webm-vp8: 9c59270c3fd7afecdb556c50c9e8de78 -> 
  custom:audio-decoder-ogg-vorbis: bf7c407c2cedff20999df2af8eb42d56 -> 
  custom:audio-encoder-webm-vorbis: bf7c407c2cedff20999df2af8eb42d56 -> 
========================================================================
Received Prepare
Refreshing native plugins compatible for Editor in 26.00 ms, found 12 plugins.
Preloading 0 native plugins for Editor in 0.00 ms.
Unloading 40 Unused Serialized files (Serialized files now loaded: 0)
System memory in use before: 76.2 MB.
System memory in use after: 76.5 MB.

Unloading 40 unused Assets to reduce memory usage. Loaded Objects now: 4449.
Total: 5.387600 ms (FindLiveObjects: 0.505300 ms CreateObjectMapping: 0.387200 ms MarkObjects: 4.450300 ms  DeleteObjects: 0.043100 ms)

AssetImportParameters requested are different than current active one (requested -> active):
  custom:framework-win-MediaFoundation: 216162199b28c13a410421893ffa2e32 -> 
  custom:video-decoder-ogg-theora: a1e56fd34408186e4bbccfd4996cb3dc -> 
  custom:container-muxer-webm: aa71ff27fc2769a1b78a27578f13a17b -> 
  custom:container-demuxer-webm: 4f35f7cbe854078d1ac9338744f61a02 -> 
  custom:container-demuxer-ogg: 62fdf1f143b41e24485cea50d1cbac27 -> 
  custom:video-encoder-webm-vp8: eb34c28f22e8b96e1ab97ce403110664 -> 
  custom:video-decoder-webm-vp8: 9c59270c3fd7afecdb556c50c9e8de78 -> 
  custom:audio-decoder-ogg-vorbis: bf7c407c2cedff20999df2af8eb42d56 -> 
  custom:audio-encoder-webm-vorbis: bf7c407c2cedff20999df2af8eb42d56 -> 
========================================================================
Received Prepare
Registering precompiled user dll's ...
Registered in 0.053077 seconds.
Begin MonoManager ReloadAssembly
Symbol file LoadedFromMemory doesn't match image C:\Users\21027757\Downloads\Android-HARP\Library\PackageCache\com.unity.collab-proxy@1.15.15\Lib\Editor\PlasticSCM\unityplastic.dll
Native extension for WindowsStandalone target not found
Refreshing native plugins compatible for Editor in 1.41 ms, found 12 plugins.
Preloading 0 native plugins for Editor in 0.00 ms.
Mono: successfully reloaded assembly
- Completed reload, in  2.931 seconds
Domain Reload Profiling:
	ReloadAssembly (2932ms)
		BeginReloadAssembly (147ms)
			ExecutionOrderSort (0ms)
			DisableScriptedObjects (4ms)
			BackupInstance (0ms)
			ReleaseScriptingObjects (0ms)
			CreateAndSetChildDomain (47ms)
		EndReloadAssembly (2696ms)
			LoadAssemblies (163ms)
			RebuildTransferFunctionScriptingTraits (0ms)
			SetupTypeCache (811ms)
			ReleaseScriptCaches (1ms)
			RebuildScriptCaches (38ms)
			SetupLoadedEditorAssemblies (1470ms)
				LogAssemblyErrors (0ms)
				InitializePlatformSupportModulesInManaged (3ms)
				SetLoadedEditorAssemblies (0ms)
				RefreshPlugins (1ms)
				BeforeProcessingInitializeOnLoad (152ms)
				ProcessInitializeOnLoadAttributes (1271ms)
				ProcessInitializeOnLoadMethodAttributes (31ms)
				AfterProcessingInitializeOnLoad (10ms)
				EditorAssembliesLoaded (0ms)
			ExecutionOrderSort2 (0ms)
			AwakeInstancesAfterBackupRestoration (10ms)
Platform modules already initialized, skipping
Switching build target platform(19) subTarget(0) extendedPlatform(0) -> platform(13) subTarget(524288) extendedPlatform(0)
Refreshing native plugins compatible for Editor in 1.12 ms, found 12 plugins.
Preloading 0 native plugins for Editor in 0.00 ms.
Unloading 3886 Unused Serialized files (Serialized files now loaded: 0)
System memory in use before: 152.3 MB.
System memory in use after: 152.6 MB.

Unloading 43 unused Assets to reduce memory usage. Loaded Objects now: 4453.
Total: 4.029000 ms (FindLiveObjects: 0.396800 ms CreateObjectMapping: 0.190500 ms MarkObjects: 3.376500 ms  DeleteObjects: 0.063400 ms)

AssetImportParameters requested are different than current active one (requested -> active):
  custom:framework-win-MediaFoundation: 216162199b28c13a410421893ffa2e32 -> 
  custom:video-decoder-ogg-theora: a1e56fd34408186e4bbccfd4996cb3dc -> 
  custom:container-muxer-webm: aa71ff27fc2769a1b78a27578f13a17b -> 
  custom:container-demuxer-webm: 4f35f7cbe854078d1ac9338744f61a02 -> 
  custom:container-demuxer-ogg: 62fdf1f143b41e24485cea50d1cbac27 -> 
  custom:video-encoder-webm-vp8: eb34c28f22e8b96e1ab97ce403110664 -> 
  custom:video-decoder-webm-vp8: 9c59270c3fd7afecdb556c50c9e8de78 -> 
  custom:graphics/normal-map-encoding: 01000000000000000000000000000000 -> 02000000000000000000000000000000
  custom:audio-decoder-ogg-vorbis: bf7c407c2cedff20999df2af8eb42d56 -> 
  custom:audio-encoder-webm-vorbis: bf7c407c2cedff20999df2af8eb42d56 -> 
========================================================================
Received Import Request.
  Time since last request: 971.875077 seconds.
  path: Assets/HandGestures.cs
  artifactKey: Guid(6b413f9ed0f86594abd11cc3f077a3c5) Importer(815301076,1909f56bfc062723c751e8b465ee728b)
Start importing Assets/HandGestures.cs using Guid(6b413f9ed0f86594abd11cc3f077a3c5) Importer(815301076,1909f56bfc062723c751e8b465ee728b)  -> (artifact id: 'a813e4585b3d07ccb1705faff536641c') in 0.027583 seconds 
========================================================================
Received Import Request.
  Time since last request: 18.525016 seconds.
  path: Assets/MainMenu.cs
  artifactKey: Guid(b164addc580566d409d5d79766e793b6) Importer(815301076,1909f56bfc062723c751e8b465ee728b)
Start importing Assets/MainMenu.cs using Guid(b164addc580566d409d5d79766e793b6) Importer(815301076,1909f56bfc062723c751e8b465ee728b)  -> (artifact id: '789342fb5226aa41c42e71d34a815334') in 0.023954 seconds 
========================================================================
Received Prepare
Registering precompiled user dll's ...
Registered in 0.661626 seconds.
Begin MonoManager ReloadAssembly
Symbol file LoadedFromMemory doesn't match image C:\Users\21027757\Downloads\Android-HARP\Library\PackageCache\com.unity.collab-proxy@1.15.15\Lib\Editor\PlasticSCM\unityplastic.dll
Native extension for WindowsStandalone target not found
Refreshing native plugins compatible for Editor in 1.84 ms, found 12 plugins.
Preloading 0 native plugins for Editor in 0.00 ms.
Mono: successfully reloaded assembly
- Completed reload, in  2.914 seconds
Domain Reload Profiling:
	ReloadAssembly (2915ms)
		BeginReloadAssembly (207ms)
			ExecutionOrderSort (0ms)
			DisableScriptedObjects (6ms)
			BackupInstance (0ms)
			ReleaseScriptingObjects (0ms)
			CreateAndSetChildDomain (44ms)
		EndReloadAssembly (2638ms)
			LoadAssemblies (177ms)
			RebuildTransferFunctionScriptingTraits (0ms)
			SetupTypeCache (314ms)
			ReleaseScriptCaches (1ms)
			RebuildScriptCaches (38ms)
			SetupLoadedEditorAssemblies (1724ms)
				LogAssemblyErrors (0ms)
				InitializePlatformSupportModulesInManaged (6ms)
				SetLoadedEditorAssemblies (1ms)
				RefreshPlugins (2ms)
				BeforeProcessingInitializeOnLoad (142ms)
				ProcessInitializeOnLoadAttributes (1521ms)
				ProcessInitializeOnLoadMethodAttributes (42ms)
				AfterProcessingInitializeOnLoad (11ms)
				EditorAssembliesLoaded (0ms)
			ExecutionOrderSort2 (0ms)
			AwakeInstancesAfterBackupRestoration (10ms)
Platform modules already initialized, skipping
Switching build target platform(19) subTarget(0) extendedPlatform(0) -> platform(13) subTarget(524288) extendedPlatform(0)
Refreshing native plugins compatible for Editor in 1.14 ms, found 12 plugins.
Preloading 0 native plugins for Editor in 0.00 ms.
Unloading 3886 Unused Serialized files (Serialized files now loaded: 0)
System memory in use before: 152.4 MB.
System memory in use after: 152.6 MB.

Unloading 43 unused Assets to reduce memory usage. Loaded Objects now: 4457.
Total: 3.461400 ms (FindLiveObjects: 0.253900 ms CreateObjectMapping: 0.116800 ms MarkObjects: 3.041400 ms  DeleteObjects: 0.048300 ms)

AssetImportParameters requested are different than current active one (requested -> active):
  custom:framework-win-MediaFoundation: 216162199b28c13a410421893ffa2e32 -> 
  custom:video-decoder-ogg-theora: a1e56fd34408186e4bbccfd4996cb3dc -> 
  custom:container-muxer-webm: aa71ff27fc2769a1b78a27578f13a17b -> 
  custom:container-demuxer-webm: 4f35f7cbe854078d1ac9338744f61a02 -> 
  custom:container-demuxer-ogg: 62fdf1f143b41e24485cea50d1cbac27 -> 
  custom:video-encoder-webm-vp8: eb34c28f22e8b96e1ab97ce403110664 -> 
  custom:video-decoder-webm-vp8: 9c59270c3fd7afecdb556c50c9e8de78 -> 
  custom:graphics/normal-map-encoding: 01000000000000000000000000000000 -> 02000000000000000000000000000000
  custom:audio-decoder-ogg-vorbis: bf7c407c2cedff20999df2af8eb42d56 -> 
  custom:audio-encoder-webm-vorbis: bf7c407c2cedff20999df2af8eb42d56 -> 
========================================================================
Received Prepare
Refreshing native plugins compatible for Editor in 20.87 ms, found 12 plugins.
Preloading 0 native plugins for Editor in 0.00 ms.
Unloading 40 Unused Serialized files (Serialized files now loaded: 0)
System memory in use before: 76.3 MB.
System memory in use after: 76.5 MB.

Unloading 40 unused Assets to reduce memory usage. Loaded Objects now: 4457.
Total: 3.826500 ms (FindLiveObjects: 0.274500 ms CreateObjectMapping: 0.134700 ms MarkObjects: 3.380100 ms  DeleteObjects: 0.036300 ms)

AssetImportParameters requested are different than current active one (requested -> active):
  custom:framework-win-MediaFoundation: 216162199b28c13a410421893ffa2e32 -> 
  custom:video-decoder-ogg-theora: a1e56fd34408186e4bbccfd4996cb3dc -> 
  custom:container-muxer-webm: aa71ff27fc2769a1b78a27578f13a17b -> 
  custom:container-demuxer-webm: 4f35f7cbe854078d1ac9338744f61a02 -> 
  custom:container-demuxer-ogg: 62fdf1f143b41e24485cea50d1cbac27 -> 
  custom:video-encoder-webm-vp8: eb34c28f22e8b96e1ab97ce403110664 -> 
  custom:video-decoder-webm-vp8: 9c59270c3fd7afecdb556c50c9e8de78 -> 
  custom:audio-decoder-ogg-vorbis: bf7c407c2cedff20999df2af8eb42d56 -> 
  custom:audio-encoder-webm-vorbis: bf7c407c2cedff20999df2af8eb42d56 -> 
========================================================================
Received Prepare
Refreshing native plugins compatible for Editor in 27.30 ms, found 12 plugins.
Preloading 0 native plugins for Editor in 0.00 ms.
Unloading 40 Unused Serialized files (Serialized files now loaded: 0)
System memory in use before: 76.3 MB.
System memory in use after: 76.5 MB.

Unloading 40 unused Assets to reduce memory usage. Loaded Objects now: 4457.
Total: 4.269500 ms (FindLiveObjects: 0.292000 ms CreateObjectMapping: 0.135100 ms MarkObjects: 3.806500 ms  DeleteObjects: 0.034500 ms)

AssetImportParameters requested are different than current active one (requested -> active):
  custom:framework-win-MediaFoundation: 216162199b28c13a410421893ffa2e32 -> 
  custom:video-decoder-ogg-theora: a1e56fd34408186e4bbccfd4996cb3dc -> 
  custom:container-muxer-webm: aa71ff27fc2769a1b78a27578f13a17b -> 
  custom:container-demuxer-webm: 4f35f7cbe854078d1ac9338744f61a02 -> 
  custom:container-demuxer-ogg: 62fdf1f143b41e24485cea50d1cbac27 -> 
  custom:video-encoder-webm-vp8: eb34c28f22e8b96e1ab97ce403110664 -> 
  custom:video-decoder-webm-vp8: 9c59270c3fd7afecdb556c50c9e8de78 -> 
  custom:audio-decoder-ogg-vorbis: bf7c407c2cedff20999df2af8eb42d56 -> 
  custom:audio-encoder-webm-vorbis: bf7c407c2cedff20999df2af8eb42d56 -> 
========================================================================
Received Prepare
Refreshing native plugins compatible for Editor in 19.67 ms, found 12 plugins.
Preloading 0 native plugins for Editor in 0.00 ms.
Unloading 40 Unused Serialized files (Serialized files now loaded: 0)
System memory in use before: 76.3 MB.
System memory in use after: 76.5 MB.

Unloading 40 unused Assets to reduce memory usage. Loaded Objects now: 4457.
Total: 3.330600 ms (FindLiveObjects: 0.278800 ms CreateObjectMapping: 0.115600 ms MarkObjects: 2.908800 ms  DeleteObjects: 0.026600 ms)

AssetImportParameters requested are different than current active one (requested -> active):
  custom:framework-win-MediaFoundation: 216162199b28c13a410421893ffa2e32 -> 
  custom:video-decoder-ogg-theora: a1e56fd34408186e4bbccfd4996cb3dc -> 
  custom:container-muxer-webm: aa71ff27fc2769a1b78a27578f13a17b -> 
  custom:container-demuxer-webm: 4f35f7cbe854078d1ac9338744f61a02 -> 
  custom:container-demuxer-ogg: 62fdf1f143b41e24485cea50d1cbac27 -> 
  custom:video-encoder-webm-vp8: eb34c28f22e8b96e1ab97ce403110664 -> 
  custom:video-decoder-webm-vp8: 9c59270c3fd7afecdb556c50c9e8de78 -> 
  custom:audio-decoder-ogg-vorbis: bf7c407c2cedff20999df2af8eb42d56 -> 
  custom:audio-encoder-webm-vorbis: bf7c407c2cedff20999df2af8eb42d56 -> 
========================================================================
Received Import Request.
  Time since last request: 976.820374 seconds.
  path: Assets/From Joseph/Script/ClickedQRScanner.cs
  artifactKey: Guid(81e275c07b924014287d5514a7331f5a) Importer(815301076,1909f56bfc062723c751e8b465ee728b)
Start importing Assets/From Joseph/Script/ClickedQRScanner.cs using Guid(81e275c07b924014287d5514a7331f5a) Importer(815301076,1909f56bfc062723c751e8b465ee728b)  -> (artifact id: '4cb22de252e154e1e315f09e6225d242') in 0.017104 seconds 
AssetImportWorkerClient::OnTransportError - code=2 error=End of file
