Using pre-set license
Built from '2020.3/staging' branch; Version is '2020.3.33f1 (915a7af8b0d5) revision 9525882'; Using compiler version '192528614'; Build Type 'Release'
OS: 'Windows 10  (10.0.19045) 64bit Education' Language: 'en' Physical Memory: 16075 MB
BatchMode: 1, IsHumanControllingUs: 0, StartBugReporterOnCrash: 0, Is64bit: 1, IsPro: 0

COMMAND LINE ARGUMENTS:
C:\Program Files\Unity\Hub\Editor\2020.3.33f1\Editor\Unity.exe
-adb2
-batchMode
-noUpm
-name
AssetImportWorker0
-projectPath
C:/Users/21027757/Downloads/Android-HARP
-logFile
Logs/AssetImportWorker0.log
-srvPort
62877
Successfully changed project path to: C:/Users/21027757/Downloads/Android-HARP
C:/Users/21027757/Downloads/Android-HARP
Using Asset Import Pipeline V2.
Refreshing native plugins compatible for Editor in 102.39 ms, found 12 plugins.
Preloading 0 native plugins for Editor in 0.00 ms.
Initialize engine version: 2020.3.33f1 (915a7af8b0d5)
[Subsystems] Discovering subsystems at path C:/Program Files/Unity/Hub/Editor/2020.3.33f1/Editor/Data/Resources/UnitySubsystems
[Subsystems] Discovering subsystems at path C:/Users/21027757/Downloads/Android-HARP/Assets
GfxDevice: creating device client; threaded=0
Direct3D:
    Version:  Direct3D 11.0 [level 11.1]
    Renderer: NVIDIA GeForce MX350 (ID=0x1c94)
    Vendor:   
    VRAM:     1979 MB
    Driver:   30.0.15.1169
Initialize mono
Mono path[0] = 'C:/Program Files/Unity/Hub/Editor/2020.3.33f1/Editor/Data/Managed'
Mono path[1] = 'C:/Program Files/Unity/Hub/Editor/2020.3.33f1/Editor/Data/MonoBleedingEdge/lib/mono/unityjit'
Mono config path = 'C:/Program Files/Unity/Hub/Editor/2020.3.33f1/Editor/Data/MonoBleedingEdge/etc'
Using monoOptions --debugger-agent=transport=dt_socket,embedding=1,server=y,suspend=n,address=127.0.0.1:56620
Begin MonoManager ReloadAssembly
Registering precompiled unity dll's ...
Register platform support module: C:/Program Files/Unity/Hub/Editor/2020.3.33f1/Editor/Data/PlaybackEngines/WindowsStandaloneSupport/UnityEditor.WindowsStandalone.Extensions.dll
Registered in 0.003452 seconds.
Native extension for WindowsStandalone target not found
Refreshing native plugins compatible for Editor in 81.69 ms, found 12 plugins.
Preloading 0 native plugins for Editor in 0.00 ms.
Mono: successfully reloaded assembly
- Completed reload, in  0.732 seconds
Domain Reload Profiling:
	ReloadAssembly (732ms)
		BeginReloadAssembly (87ms)
			ExecutionOrderSort (0ms)
			DisableScriptedObjects (0ms)
			BackupInstance (0ms)
			ReleaseScriptingObjects (0ms)
			CreateAndSetChildDomain (1ms)
		EndReloadAssembly (574ms)
			LoadAssemblies (84ms)
			RebuildTransferFunctionScriptingTraits (0ms)
			SetupTypeCache (149ms)
			ReleaseScriptCaches (0ms)
			RebuildScriptCaches (28ms)
			SetupLoadedEditorAssemblies (224ms)
				LogAssemblyErrors (0ms)
				InitializePlatformSupportModulesInManaged (4ms)
				SetLoadedEditorAssemblies (0ms)
				RefreshPlugins (82ms)
				BeforeProcessingInitializeOnLoad (24ms)
				ProcessInitializeOnLoadAttributes (90ms)
				ProcessInitializeOnLoadMethodAttributes (24ms)
				AfterProcessingInitializeOnLoad (0ms)
				EditorAssembliesLoaded (0ms)
			ExecutionOrderSort2 (0ms)
			AwakeInstancesAfterBackupRestoration (0ms)
Platform modules already initialized, skipping
Registering precompiled user dll's ...
Registered in 0.019470 seconds.
Begin MonoManager ReloadAssembly
Symbol file LoadedFromMemory doesn't match image C:\Users\21027757\Downloads\Android-HARP\Library\PackageCache\com.unity.collab-proxy@1.15.15\Lib\Editor\PlasticSCM\unityplastic.dll
Native extension for WindowsStandalone target not found
Refreshing native plugins compatible for Editor in 92.61 ms, found 12 plugins.
Preloading 0 native plugins for Editor in 0.00 ms.
[XR] [MROpenXR][Info   ][09:21:26.676178][tid:63b4] MeshProvider_RegisterLifecycleProvider
[XR] [MROpenXR][Info   ][09:21:26.676178][tid:63b4] MeshProvider_RegisterLifecycleProvider
[XR] [MROpenXR][Info   ][09:21:26.676320][tid:63b4] InputProvider_RegisterLifecycleProvider
[XR] [MROpenXR][Info   ][09:21:26.676320][tid:63b4] InputProvider_RegisterLifecycleProvider
[XR] Error loading subsystem: Display (1) (header mismatch?)
[XR] [MROpenXR][Info   ][09:21:26.679863][tid:63b4] OnPluginStarted UnityVersion=2020.3.33f1 OpenXRPluginVersion=1.5.3 MROpenXRPluginVersion=1.8.0.0 PartA_PrivTags=33554432
[XR] [MROpenXR][Info   ][09:21:26.679863][tid:63b4] OnPluginStarted UnityVersion=2020.3.33f1 OpenXRPluginVersion=1.5.3 MROpenXRPluginVersion=1.8.0.0 PartA_PrivTags=33554432
Mono: successfully reloaded assembly
- Completed reload, in  2.597 seconds
Domain Reload Profiling:
	ReloadAssembly (2599ms)
		BeginReloadAssembly (154ms)
			ExecutionOrderSort (0ms)
			DisableScriptedObjects (5ms)
			BackupInstance (0ms)
			ReleaseScriptingObjects (0ms)
			CreateAndSetChildDomain (21ms)
		EndReloadAssembly (2339ms)
			LoadAssemblies (156ms)
			RebuildTransferFunctionScriptingTraits (0ms)
			SetupTypeCache (394ms)
			ReleaseScriptCaches (0ms)
			RebuildScriptCaches (73ms)
			SetupLoadedEditorAssemblies (1578ms)
				LogAssemblyErrors (0ms)
				InitializePlatformSupportModulesInManaged (4ms)
				SetLoadedEditorAssemblies (0ms)
				RefreshPlugins (93ms)
				BeforeProcessingInitializeOnLoad (146ms)
				ProcessInitializeOnLoadAttributes (1260ms)
				ProcessInitializeOnLoadMethodAttributes (64ms)
				AfterProcessingInitializeOnLoad (12ms)
				EditorAssembliesLoaded (0ms)
			ExecutionOrderSort2 (0ms)
			AwakeInstancesAfterBackupRestoration (7ms)
Platform modules already initialized, skipping
========================================================================
Worker process is ready to serve import requests
Launched and connected shader compiler UnityShaderCompiler.exe after 0.07 seconds
Refreshing native plugins compatible for Editor in 1.19 ms, found 12 plugins.
Preloading 0 native plugins for Editor in 0.00 ms.
Unloading 3949 Unused Serialized files (Serialized files now loaded: 0)
System memory in use before: 152.8 MB.
System memory in use after: 153.0 MB.

Unloading 53 unused Assets to reduce memory usage. Loaded Objects now: 4408.
Total: 3.973200 ms (FindLiveObjects: 0.238400 ms CreateObjectMapping: 0.109000 ms MarkObjects: 3.520000 ms  DeleteObjects: 0.104400 ms)

AssetImportParameters requested are different than current active one (requested -> active):
  custom:framework-win-MediaFoundation: 216162199b28c13a410421893ffa2e32 -> 
  custom:video-decoder-ogg-theora: a1e56fd34408186e4bbccfd4996cb3dc -> 
  custom:container-muxer-webm: aa71ff27fc2769a1b78a27578f13a17b -> 
  custom:container-demuxer-webm: 4f35f7cbe854078d1ac9338744f61a02 -> 
  custom:container-demuxer-ogg: 62fdf1f143b41e24485cea50d1cbac27 -> 
  custom:video-encoder-webm-vp8: eb34c28f22e8b96e1ab97ce403110664 -> 
  custom:video-decoder-webm-vp8: 9c59270c3fd7afecdb556c50c9e8de78 -> 
  custom:audio-decoder-ogg-vorbis: bf7c407c2cedff20999df2af8eb42d56 -> 
  custom:audio-encoder-webm-vorbis: bf7c407c2cedff20999df2af8eb42d56 -> 
========================================================================
Received Import Request.
  path: Assets/From Joseph/Screenshot 2023-07-07 111507.png
  artifactKey: Guid(6c275ca2b1c846b44851d192be571059) Importer(815301076,1909f56bfc062723c751e8b465ee728b)
Start importing Assets/From Joseph/Screenshot 2023-07-07 111507.png using Guid(6c275ca2b1c846b44851d192be571059) Importer(815301076,1909f56bfc062723c751e8b465ee728b)  -> (artifact id: 'a9ddc171e50e3e69368a3ed2aa82cf84') in 0.245977 seconds 
========================================================================
Received Import Request.
  Time since last request: 0.000707 seconds.
  path: Assets/DLAB_Models/DLab Main Door Entrance.mat
  artifactKey: Guid(924756b501eec5d4383f7bc9ed9a2879) Importer(815301076,1909f56bfc062723c751e8b465ee728b)
Start importing Assets/DLAB_Models/DLab Main Door Entrance.mat using Guid(924756b501eec5d4383f7bc9ed9a2879) Importer(815301076,1909f56bfc062723c751e8b465ee728b)  -> (artifact id: 'db0cb8fe5bbdd0745ff222e422057a3e') in 0.109278 seconds 
========================================================================
Received Import Request.
  Time since last request: 0.000537 seconds.
  path: Assets/DLAB_Models/DLab Table.mat
  artifactKey: Guid(db9b80e9ce4cb884ca8d9f734058d6eb) Importer(815301076,1909f56bfc062723c751e8b465ee728b)
Start importing Assets/DLAB_Models/DLab Table.mat using Guid(db9b80e9ce4cb884ca8d9f734058d6eb) Importer(815301076,1909f56bfc062723c751e8b465ee728b)  -> (artifact id: '8ead10df3718fd736b335cbce4465ed1') in 0.046081 seconds 
========================================================================
Received Import Request.
  Time since last request: 0.000271 seconds.
  path: Assets/DLAB_Models/Dlab Glass.mat
  artifactKey: Guid(948f2494d839b0844a84ae1c8f33c2a1) Importer(815301076,1909f56bfc062723c751e8b465ee728b)
Start importing Assets/DLAB_Models/Dlab Glass.mat using Guid(948f2494d839b0844a84ae1c8f33c2a1) Importer(815301076,1909f56bfc062723c751e8b465ee728b)  -> (artifact id: '488ceb14e84e9f08a86df4d36eb70307') in 0.047394 seconds 
========================================================================
Received Import Request.
  Time since last request: 0.000251 seconds.
  path: Assets/DLAB_Models/V3_D_LAB(1)-3DView-{3D}.fbx
  artifactKey: Guid(bf8b481f88074694089322ab1ce3a29f) Importer(815301076,1909f56bfc062723c751e8b465ee728b)
Start importing Assets/DLAB_Models/V3_D_LAB(1)-3DView-{3D}.fbx using Guid(bf8b481f88074694089322ab1ce3a29f) Importer(815301076,1909f56bfc062723c751e8b465ee728b)  -> (artifact id: '683b42f3319c920629fa2f104be5af86') in 5.899978 seconds 
========================================================================
Received Import Request.
  Time since last request: 0.000350 seconds.
  path: Assets/DLAB_Models/DLab Laptop.mat
  artifactKey: Guid(a3a6f12124e8b1146b51594f9abaf466) Importer(815301076,1909f56bfc062723c751e8b465ee728b)
Start importing Assets/DLAB_Models/DLab Laptop.mat using Guid(a3a6f12124e8b1146b51594f9abaf466) Importer(815301076,1909f56bfc062723c751e8b465ee728b)  -> (artifact id: 'a434e1724a3ad603f50944504c7126a1') in 0.039742 seconds 
========================================================================
Received Import Request.
  Time since last request: 0.000411 seconds.
  path: Assets/DLAB_Models/DLab White Wall.mat
  artifactKey: Guid(c26b408aaf8faad4c926b319eb126dc3) Importer(815301076,1909f56bfc062723c751e8b465ee728b)
Start importing Assets/DLAB_Models/DLab White Wall.mat using Guid(c26b408aaf8faad4c926b319eb126dc3) Importer(815301076,1909f56bfc062723c751e8b465ee728b)  -> (artifact id: 'f359f8ce1dbc191275fe0646b6a10451') in 0.037914 seconds 
========================================================================
Received Import Request.
  Time since last request: 0.000423 seconds.
  path: Assets/DLAB_Models/DLab Chair.mat
  artifactKey: Guid(713337fe615b12441ac61c4182a6d68d) Importer(815301076,1909f56bfc062723c751e8b465ee728b)
Start importing Assets/DLAB_Models/DLab Chair.mat using Guid(713337fe615b12441ac61c4182a6d68d) Importer(815301076,1909f56bfc062723c751e8b465ee728b)  -> (artifact id: 'b5b2413e81a564b9e5d9d7e37b08e701') in 0.039443 seconds 
========================================================================
Received Import Request.
  Time since last request: 0.000367 seconds.
  path: Assets/DLAB_Models/DLab Light.mat
  artifactKey: Guid(b7a58a66a09ac504aab5090b741318d2) Importer(815301076,1909f56bfc062723c751e8b465ee728b)
Start importing Assets/DLAB_Models/DLab Light.mat using Guid(b7a58a66a09ac504aab5090b741318d2) Importer(815301076,1909f56bfc062723c751e8b465ee728b)  -> (artifact id: 'e8d2d71409e9b7b69c0e02709cf931ff') in 0.037384 seconds 
========================================================================
Received Import Request.
  Time since last request: 0.288082 seconds.
  path: Assets/FaceDetector/FaceTracking.cs
  artifactKey: Guid(2bb152324a89e7b40843783f636a60a1) Importer(815301076,1909f56bfc062723c751e8b465ee728b)
Start importing Assets/FaceDetector/FaceTracking.cs using Guid(2bb152324a89e7b40843783f636a60a1) Importer(815301076,1909f56bfc062723c751e8b465ee728b)  -> (artifact id: 'ae4d8f342f8a838ef519ecb7289a0493') in 0.031394 seconds 
========================================================================
Received Import Request.
  Time since last request: 1.634168 seconds.
  path: Assets/FaceDetector/FaceRequestor.cs
  artifactKey: Guid(89300f45c150d1548bacf1de795badef) Importer(815301076,1909f56bfc062723c751e8b465ee728b)
Start importing Assets/FaceDetector/FaceRequestor.cs using Guid(89300f45c150d1548bacf1de795badef) Importer(815301076,1909f56bfc062723c751e8b465ee728b)  -> (artifact id: 'b06eca61231c0b4ee24614d0bc5435b4') in 0.020794 seconds 
========================================================================
Received Import Request.
  Time since last request: 17.925829 seconds.
  path: Assets/From Joseph/Script/FaceDetect.cs
  artifactKey: Guid(e0f29c5cebe4a284fba2171eaed8097c) Importer(815301076,1909f56bfc062723c751e8b465ee728b)
Start importing Assets/From Joseph/Script/FaceDetect.cs using Guid(e0f29c5cebe4a284fba2171eaed8097c) Importer(815301076,1909f56bfc062723c751e8b465ee728b)  -> (artifact id: '782b808c41aee0bcfe9022891cc91617') in 0.029493 seconds 
========================================================================
Received Prepare
Registering precompiled user dll's ...
Registered in 0.022728 seconds.
Begin MonoManager ReloadAssembly
Symbol file LoadedFromMemory doesn't match image C:\Users\21027757\Downloads\Android-HARP\Library\PackageCache\com.unity.collab-proxy@1.15.15\Lib\Editor\PlasticSCM\unityplastic.dll
Native extension for WindowsStandalone target not found
Refreshing native plugins compatible for Editor in 2.91 ms, found 12 plugins.
Preloading 0 native plugins for Editor in 0.00 ms.
Mono: successfully reloaded assembly
- Completed reload, in  3.023 seconds
Domain Reload Profiling:
	ReloadAssembly (3024ms)
		BeginReloadAssembly (244ms)
			ExecutionOrderSort (0ms)
			DisableScriptedObjects (6ms)
			BackupInstance (0ms)
			ReleaseScriptingObjects (0ms)
			CreateAndSetChildDomain (63ms)
		EndReloadAssembly (2672ms)
			LoadAssemblies (238ms)
			RebuildTransferFunctionScriptingTraits (0ms)
			SetupTypeCache (452ms)
			ReleaseScriptCaches (1ms)
			RebuildScriptCaches (88ms)
			SetupLoadedEditorAssemblies (1563ms)
				LogAssemblyErrors (0ms)
				InitializePlatformSupportModulesInManaged (46ms)
				SetLoadedEditorAssemblies (1ms)
				RefreshPlugins (3ms)
				BeforeProcessingInitializeOnLoad (234ms)
				ProcessInitializeOnLoadAttributes (1226ms)
				ProcessInitializeOnLoadMethodAttributes (40ms)
				AfterProcessingInitializeOnLoad (13ms)
				EditorAssembliesLoaded (0ms)
			ExecutionOrderSort2 (0ms)
			AwakeInstancesAfterBackupRestoration (11ms)
Platform modules already initialized, skipping
Switching build target platform(19) subTarget(0) extendedPlatform(0) -> platform(13) subTarget(524288) extendedPlatform(0)
Refreshing native plugins compatible for Editor in 1.04 ms, found 12 plugins.
Preloading 0 native plugins for Editor in 0.00 ms.
Unloading 3897 Unused Serialized files (Serialized files now loaded: 0)
System memory in use before: 154.4 MB.
System memory in use after: 154.7 MB.

Unloading 46 unused Assets to reduce memory usage. Loaded Objects now: 4457.
Total: 4.930000 ms (FindLiveObjects: 0.371200 ms CreateObjectMapping: 0.158300 ms MarkObjects: 4.329200 ms  DeleteObjects: 0.069400 ms)

AssetImportParameters requested are different than current active one (requested -> active):
  custom:framework-win-MediaFoundation: 216162199b28c13a410421893ffa2e32 -> 
  custom:video-decoder-ogg-theora: a1e56fd34408186e4bbccfd4996cb3dc -> 
  custom:container-muxer-webm: aa71ff27fc2769a1b78a27578f13a17b -> 
  custom:container-demuxer-webm: 4f35f7cbe854078d1ac9338744f61a02 -> 
  custom:container-demuxer-ogg: 62fdf1f143b41e24485cea50d1cbac27 -> 
  custom:video-encoder-webm-vp8: eb34c28f22e8b96e1ab97ce403110664 -> 
  custom:video-decoder-webm-vp8: 9c59270c3fd7afecdb556c50c9e8de78 -> 
  custom:graphics/normal-map-encoding: 01000000000000000000000000000000 -> 02000000000000000000000000000000
  custom:audio-decoder-ogg-vorbis: bf7c407c2cedff20999df2af8eb42d56 -> 
  custom:audio-encoder-webm-vorbis: bf7c407c2cedff20999df2af8eb42d56 -> 
========================================================================
Received Prepare
Refreshing native plugins compatible for Editor in 588.96 ms, found 12 plugins.
Preloading 0 native plugins for Editor in 0.00 ms.
Unloading 43 Unused Serialized files (Serialized files now loaded: 0)
System memory in use before: 78.1 MB.
System memory in use after: 78.4 MB.

Unloading 43 unused Assets to reduce memory usage. Loaded Objects now: 4457.
Total: 6.071300 ms (FindLiveObjects: 0.267200 ms CreateObjectMapping: 0.186900 ms MarkObjects: 5.562800 ms  DeleteObjects: 0.053100 ms)

AssetImportParameters requested are different than current active one (requested -> active):
  custom:framework-win-MediaFoundation: 216162199b28c13a410421893ffa2e32 -> 
  custom:video-decoder-ogg-theora: a1e56fd34408186e4bbccfd4996cb3dc -> 
  custom:container-muxer-webm: aa71ff27fc2769a1b78a27578f13a17b -> 
  custom:container-demuxer-webm: 4f35f7cbe854078d1ac9338744f61a02 -> 
  custom:container-demuxer-ogg: 62fdf1f143b41e24485cea50d1cbac27 -> 
  custom:video-encoder-webm-vp8: eb34c28f22e8b96e1ab97ce403110664 -> 
  custom:video-decoder-webm-vp8: 9c59270c3fd7afecdb556c50c9e8de78 -> 
  custom:audio-decoder-ogg-vorbis: bf7c407c2cedff20999df2af8eb42d56 -> 
  custom:audio-encoder-webm-vorbis: bf7c407c2cedff20999df2af8eb42d56 -> 
========================================================================
Received Prepare
Registering precompiled user dll's ...
Registered in 0.429674 seconds.
Begin MonoManager ReloadAssembly
Symbol file LoadedFromMemory doesn't match image C:\Users\21027757\Downloads\Android-HARP\Library\PackageCache\com.unity.collab-proxy@1.15.15\Lib\Editor\PlasticSCM\unityplastic.dll
Native extension for WindowsStandalone target not found
Refreshing native plugins compatible for Editor in 1.06 ms, found 12 plugins.
Preloading 0 native plugins for Editor in 0.00 ms.
Mono: successfully reloaded assembly
- Completed reload, in  2.012 seconds
Domain Reload Profiling:
	ReloadAssembly (2013ms)
		BeginReloadAssembly (146ms)
			ExecutionOrderSort (0ms)
			DisableScriptedObjects (5ms)
			BackupInstance (0ms)
			ReleaseScriptingObjects (0ms)
			CreateAndSetChildDomain (45ms)
		EndReloadAssembly (1779ms)
			LoadAssemblies (162ms)
			RebuildTransferFunctionScriptingTraits (0ms)
			SetupTypeCache (316ms)
			ReleaseScriptCaches (2ms)
			RebuildScriptCaches (42ms)
			SetupLoadedEditorAssemblies (951ms)
				LogAssemblyErrors (0ms)
				InitializePlatformSupportModulesInManaged (3ms)
				SetLoadedEditorAssemblies (0ms)
				RefreshPlugins (1ms)
				BeforeProcessingInitializeOnLoad (118ms)
				ProcessInitializeOnLoadAttributes (787ms)
				ProcessInitializeOnLoadMethodAttributes (28ms)
				AfterProcessingInitializeOnLoad (12ms)
				EditorAssembliesLoaded (0ms)
			ExecutionOrderSort2 (0ms)
			AwakeInstancesAfterBackupRestoration (9ms)
Platform modules already initialized, skipping
Switching build target platform(19) subTarget(0) extendedPlatform(0) -> platform(13) subTarget(524288) extendedPlatform(0)
Refreshing native plugins compatible for Editor in 1.11 ms, found 12 plugins.
Preloading 0 native plugins for Editor in 0.00 ms.
Unloading 3897 Unused Serialized files (Serialized files now loaded: 0)
System memory in use before: 154.5 MB.
System memory in use after: 154.8 MB.

Unloading 46 unused Assets to reduce memory usage. Loaded Objects now: 4461.
Total: 3.241400 ms (FindLiveObjects: 0.272600 ms CreateObjectMapping: 0.139900 ms MarkObjects: 2.791300 ms  DeleteObjects: 0.036500 ms)

AssetImportParameters requested are different than current active one (requested -> active):
  custom:framework-win-MediaFoundation: 216162199b28c13a410421893ffa2e32 -> 
  custom:video-decoder-ogg-theora: a1e56fd34408186e4bbccfd4996cb3dc -> 
  custom:container-muxer-webm: aa71ff27fc2769a1b78a27578f13a17b -> 
  custom:container-demuxer-webm: 4f35f7cbe854078d1ac9338744f61a02 -> 
  custom:container-demuxer-ogg: 62fdf1f143b41e24485cea50d1cbac27 -> 
  custom:video-encoder-webm-vp8: eb34c28f22e8b96e1ab97ce403110664 -> 
  custom:video-decoder-webm-vp8: 9c59270c3fd7afecdb556c50c9e8de78 -> 
  custom:graphics/normal-map-encoding: 01000000000000000000000000000000 -> 02000000000000000000000000000000
  custom:audio-decoder-ogg-vorbis: bf7c407c2cedff20999df2af8eb42d56 -> 
  custom:audio-encoder-webm-vorbis: bf7c407c2cedff20999df2af8eb42d56 -> 
========================================================================
Received Import Request.
  Time since last request: 3402.982074 seconds.
  path: Packages/com.google.xr.cardboard/package.json
  artifactKey: Guid(8733a4ec878ee4c25bf4a7f50e019d4b) Importer(815301076,1909f56bfc062723c751e8b465ee728b)
Start importing Packages/com.google.xr.cardboard/package.json using Guid(8733a4ec878ee4c25bf4a7f50e019d4b) Importer(815301076,1909f56bfc062723c751e8b465ee728b)  -> (artifact id: 'a54e02e62eb21ef43500055374d4ba33') in 0.090154 seconds 
========================================================================
Received Prepare
Registering precompiled user dll's ...
Registered in 0.776435 seconds.
Begin MonoManager ReloadAssembly
Symbol file LoadedFromMemory doesn't match image C:\Users\21027757\Downloads\Android-HARP\Library\PackageCache\com.unity.collab-proxy@1.15.15\Lib\Editor\PlasticSCM\unityplastic.dll
Native extension for WindowsStandalone target not found
Refreshing native plugins compatible for Editor in 1.14 ms, found 12 plugins.
Preloading 0 native plugins for Editor in 0.00 ms.
Mono: successfully reloaded assembly
- Completed reload, in  2.470 seconds
Domain Reload Profiling:
	ReloadAssembly (2478ms)
		BeginReloadAssembly (436ms)
			ExecutionOrderSort (0ms)
			DisableScriptedObjects (38ms)
			BackupInstance (0ms)
			ReleaseScriptingObjects (0ms)
			CreateAndSetChildDomain (245ms)
		EndReloadAssembly (1962ms)
			LoadAssemblies (168ms)
			RebuildTransferFunctionScriptingTraits (0ms)
			SetupTypeCache (383ms)
			ReleaseScriptCaches (1ms)
			RebuildScriptCaches (50ms)
			SetupLoadedEditorAssemblies (1027ms)
				LogAssemblyErrors (0ms)
				InitializePlatformSupportModulesInManaged (4ms)
				SetLoadedEditorAssemblies (3ms)
				RefreshPlugins (1ms)
				BeforeProcessingInitializeOnLoad (120ms)
				ProcessInitializeOnLoadAttributes (853ms)
				ProcessInitializeOnLoadMethodAttributes (34ms)
				AfterProcessingInitializeOnLoad (12ms)
				EditorAssembliesLoaded (0ms)
			ExecutionOrderSort2 (0ms)
			AwakeInstancesAfterBackupRestoration (9ms)
Platform modules already initialized, skipping
Switching build target platform(19) subTarget(0) extendedPlatform(0) -> platform(13) subTarget(524288) extendedPlatform(0)
Refreshing native plugins compatible for Editor in 1.07 ms, found 12 plugins.
Preloading 0 native plugins for Editor in 0.00 ms.
Unloading 3897 Unused Serialized files (Serialized files now loaded: 0)
System memory in use before: 154.5 MB.
System memory in use after: 154.8 MB.

Unloading 46 unused Assets to reduce memory usage. Loaded Objects now: 4465.
Total: 3.332600 ms (FindLiveObjects: 0.245800 ms CreateObjectMapping: 0.126300 ms MarkObjects: 2.893400 ms  DeleteObjects: 0.066100 ms)

AssetImportParameters requested are different than current active one (requested -> active):
  custom:framework-win-MediaFoundation: 216162199b28c13a410421893ffa2e32 -> 
  custom:video-decoder-ogg-theora: a1e56fd34408186e4bbccfd4996cb3dc -> 
  custom:container-muxer-webm: aa71ff27fc2769a1b78a27578f13a17b -> 
  custom:container-demuxer-webm: 4f35f7cbe854078d1ac9338744f61a02 -> 
  custom:container-demuxer-ogg: 62fdf1f143b41e24485cea50d1cbac27 -> 
  custom:video-encoder-webm-vp8: eb34c28f22e8b96e1ab97ce403110664 -> 
  custom:video-decoder-webm-vp8: 9c59270c3fd7afecdb556c50c9e8de78 -> 
  custom:graphics/normal-map-encoding: 01000000000000000000000000000000 -> 02000000000000000000000000000000
  custom:audio-decoder-ogg-vorbis: bf7c407c2cedff20999df2af8eb42d56 -> 
  custom:audio-encoder-webm-vorbis: bf7c407c2cedff20999df2af8eb42d56 -> 
========================================================================
Received Prepare
Refreshing native plugins compatible for Editor in 27.01 ms, found 12 plugins.
Preloading 0 native plugins for Editor in 0.00 ms.
Unloading 43 Unused Serialized files (Serialized files now loaded: 0)
System memory in use before: 78.3 MB.
System memory in use after: 78.5 MB.

Unloading 43 unused Assets to reduce memory usage. Loaded Objects now: 4465.
Total: 4.114900 ms (FindLiveObjects: 0.283000 ms CreateObjectMapping: 0.143800 ms MarkObjects: 3.448400 ms  DeleteObjects: 0.238300 ms)

AssetImportParameters requested are different than current active one (requested -> active):
  custom:framework-win-MediaFoundation: 216162199b28c13a410421893ffa2e32 -> 
  custom:video-decoder-ogg-theora: a1e56fd34408186e4bbccfd4996cb3dc -> 
  custom:container-muxer-webm: aa71ff27fc2769a1b78a27578f13a17b -> 
  custom:container-demuxer-webm: 4f35f7cbe854078d1ac9338744f61a02 -> 
  custom:container-demuxer-ogg: 62fdf1f143b41e24485cea50d1cbac27 -> 
  custom:video-encoder-webm-vp8: eb34c28f22e8b96e1ab97ce403110664 -> 
  custom:video-decoder-webm-vp8: 9c59270c3fd7afecdb556c50c9e8de78 -> 
  custom:audio-decoder-ogg-vorbis: bf7c407c2cedff20999df2af8eb42d56 -> 
  custom:audio-encoder-webm-vorbis: bf7c407c2cedff20999df2af8eb42d56 -> 
========================================================================
Received Import Request.
  Time since last request: 17274.525022 seconds.
  path: Assets/CheckList/Prefabs/AllChecklistManager 1.prefab
  artifactKey: Guid(94a19295db177ad409b629aaf7d5a6b0) Importer(815301076,1909f56bfc062723c751e8b465ee728b)
Start importing Assets/CheckList/Prefabs/AllChecklistManager 1.prefab using Guid(94a19295db177ad409b629aaf7d5a6b0) Importer(815301076,1909f56bfc062723c751e8b465ee728b)  -> (artifact id: '5cac9cb7c05df0a445323e31bd08cc55') in 1.410308 seconds 
========================================================================
Received Import Request.
  Time since last request: 0.000577 seconds.
  path: Assets/CheckList/Prefabs/Todo List.prefab
  artifactKey: Guid(1f2e851c3fbd7374b94d87c8cc384f87) Importer(815301076,1909f56bfc062723c751e8b465ee728b)
Start importing Assets/CheckList/Prefabs/Todo List.prefab using Guid(1f2e851c3fbd7374b94d87c8cc384f87) Importer(815301076,1909f56bfc062723c751e8b465ee728b)  -> (artifact id: '53df9d93ff8d3d38932fad183fefdcde') in 0.208136 seconds 
========================================================================
Received Import Request.
  Time since last request: 0.000396 seconds.
  path: Assets/CheckList/Prefabs/Fade.mat
  artifactKey: Guid(1222aa50d95740b4b9235e46dda20178) Importer(815301076,1909f56bfc062723c751e8b465ee728b)
Start importing Assets/CheckList/Prefabs/Fade.mat using Guid(1222aa50d95740b4b9235e46dda20178) Importer(815301076,1909f56bfc062723c751e8b465ee728b)  -> (artifact id: 'e183d536abee91d5b61dc1793edc6009') in 0.068955 seconds 
========================================================================
Received Import Request.
  Time since last request: 0.000330 seconds.
  path: Assets/CheckList/Prefabs/ChecklistName.prefab
  artifactKey: Guid(a02b8345ede52ac428012d9dc2320338) Importer(815301076,1909f56bfc062723c751e8b465ee728b)
Start importing Assets/CheckList/Prefabs/ChecklistName.prefab using Guid(a02b8345ede52ac428012d9dc2320338) Importer(815301076,1909f56bfc062723c751e8b465ee728b)  -> (artifact id: '7de826eb4c587f92f0e18e8bc2dff5d0') in 0.121296 seconds 
========================================================================
Received Import Request.
  Time since last request: 0.000491 seconds.
  path: Assets/CheckList/Prefabs/ChecklistManager.prefab
  artifactKey: Guid(59a02b7733618a3499397844a9ca6e6a) Importer(815301076,1909f56bfc062723c751e8b465ee728b)
Start importing Assets/CheckList/Prefabs/ChecklistManager.prefab using Guid(59a02b7733618a3499397844a9ca6e6a) Importer(815301076,1909f56bfc062723c751e8b465ee728b)  -> (artifact id: 'd3b14fa0d387976b66bb8725ff739970') in 0.280643 seconds 
========================================================================
Received Import Request.
  Time since last request: 0.000483 seconds.
  path: Assets/CheckList/Prefabs/Toggle.prefab
  artifactKey: Guid(9f39f521ef48a3342b7a932cbeeb44bb) Importer(815301076,1909f56bfc062723c751e8b465ee728b)
Start importing Assets/CheckList/Prefabs/Toggle.prefab using Guid(9f39f521ef48a3342b7a932cbeeb44bb) Importer(815301076,1909f56bfc062723c751e8b465ee728b)  -> (artifact id: 'eaa5920573f05e8c13bc253cec80b054') in 0.050268 seconds 
========================================================================
Received Import Request.
  Time since last request: 0.000409 seconds.
  path: Assets/CheckList/Prefabs/Canvas.prefab
  artifactKey: Guid(18981bbc96d049442af667d4ba735dd3) Importer(815301076,1909f56bfc062723c751e8b465ee728b)
Start importing Assets/CheckList/Prefabs/Canvas.prefab using Guid(18981bbc96d049442af667d4ba735dd3) Importer(815301076,1909f56bfc062723c751e8b465ee728b)  -> (artifact id: 'e0ea537cd6c2fef5311efd152b495bbb') in 0.094620 seconds 
========================================================================
Received Import Request.
  Time since last request: 0.000344 seconds.
  path: Assets/CheckList/Prefabs/DialogSmall_192x96.prefab
  artifactKey: Guid(c81bebda64cdfa24f82d002c9e5e2344) Importer(815301076,1909f56bfc062723c751e8b465ee728b)
Start importing Assets/CheckList/Prefabs/DialogSmall_192x96.prefab using Guid(c81bebda64cdfa24f82d002c9e5e2344) Importer(815301076,1909f56bfc062723c751e8b465ee728b)  -> (artifact id: '9478f4393c310ed6d17d12dd3f1d8428') in 0.170264 seconds 
========================================================================
Received Import Request.
  Time since last request: 0.000279 seconds.
  path: Assets/CheckList/CheckList.unity
  artifactKey: Guid(6fbb23dd156caf64eb367bbe317b21cd) Importer(815301076,1909f56bfc062723c751e8b465ee728b)
Start importing Assets/CheckList/CheckList.unity using Guid(6fbb23dd156caf64eb367bbe317b21cd) Importer(815301076,1909f56bfc062723c751e8b465ee728b)  -> (artifact id: '0c2bbafb7f58cbad46f91ebc0505c320') in 0.017088 seconds 
========================================================================
Received Import Request.
  Time since last request: 0.000245 seconds.
  path: Assets/CheckList/Prefabs/Specific List Button.prefab
  artifactKey: Guid(ee9e69a2fc93b494aa04111223fe379f) Importer(815301076,1909f56bfc062723c751e8b465ee728b)
Start importing Assets/CheckList/Prefabs/Specific List Button.prefab using Guid(ee9e69a2fc93b494aa04111223fe379f) Importer(815301076,1909f56bfc062723c751e8b465ee728b)  -> (artifact id: '086d97497e0f4303961016a1fcb048a1') in 0.112655 seconds 
========================================================================
Received Prepare
Registering precompiled user dll's ...
Registered in 0.476173 seconds.
Begin MonoManager ReloadAssembly
Symbol file LoadedFromMemory doesn't match image C:\Users\21027757\Downloads\Android-HARP\Library\PackageCache\com.unity.collab-proxy@1.15.15\Lib\Editor\PlasticSCM\unityplastic.dll
Native extension for WindowsStandalone target not found
Refreshing native plugins compatible for Editor in 1.15 ms, found 12 plugins.
Preloading 0 native plugins for Editor in 0.00 ms.
Mono: successfully reloaded assembly
- Completed reload, in  2.343 seconds
Domain Reload Profiling:
	ReloadAssembly (2345ms)
		BeginReloadAssembly (429ms)
			ExecutionOrderSort (0ms)
			DisableScriptedObjects (20ms)
			BackupInstance (0ms)
			ReleaseScriptingObjects (0ms)
			CreateAndSetChildDomain (247ms)
		EndReloadAssembly (1830ms)
			LoadAssemblies (199ms)
			RebuildTransferFunctionScriptingTraits (0ms)
			SetupTypeCache (364ms)
			ReleaseScriptCaches (1ms)
			RebuildScriptCaches (40ms)
			SetupLoadedEditorAssemblies (928ms)
				LogAssemblyErrors (0ms)
				InitializePlatformSupportModulesInManaged (3ms)
				SetLoadedEditorAssemblies (0ms)
				RefreshPlugins (1ms)
				BeforeProcessingInitializeOnLoad (115ms)
				ProcessInitializeOnLoadAttributes (770ms)
				ProcessInitializeOnLoadMethodAttributes (29ms)
				AfterProcessingInitializeOnLoad (9ms)
				EditorAssembliesLoaded (0ms)
			ExecutionOrderSort2 (0ms)
			AwakeInstancesAfterBackupRestoration (8ms)
Platform modules already initialized, skipping
Switching build target platform(19) subTarget(0) extendedPlatform(0) -> platform(13) subTarget(524288) extendedPlatform(0)
Refreshing native plugins compatible for Editor in 1.96 ms, found 12 plugins.
Preloading 0 native plugins for Editor in 0.00 ms.
Unloading 3897 Unused Serialized files (Serialized files now loaded: 0)
System memory in use before: 154.8 MB.
System memory in use after: 155.1 MB.

Unloading 49 unused Assets to reduce memory usage. Loaded Objects now: 4473.
Total: 14.523300 ms (FindLiveObjects: 0.568900 ms CreateObjectMapping: 0.911000 ms MarkObjects: 12.943700 ms  DeleteObjects: 0.097700 ms)

AssetImportParameters requested are different than current active one (requested -> active):
  custom:framework-win-MediaFoundation: 216162199b28c13a410421893ffa2e32 -> 
  custom:video-decoder-ogg-theora: a1e56fd34408186e4bbccfd4996cb3dc -> 
  custom:container-muxer-webm: aa71ff27fc2769a1b78a27578f13a17b -> 
  custom:container-demuxer-webm: 4f35f7cbe854078d1ac9338744f61a02 -> 
  custom:container-demuxer-ogg: 62fdf1f143b41e24485cea50d1cbac27 -> 
  custom:video-encoder-webm-vp8: eb34c28f22e8b96e1ab97ce403110664 -> 
  custom:video-decoder-webm-vp8: 9c59270c3fd7afecdb556c50c9e8de78 -> 
  custom:graphics/normal-map-encoding: 01000000000000000000000000000000 -> 02000000000000000000000000000000
  custom:audio-decoder-ogg-vorbis: bf7c407c2cedff20999df2af8eb42d56 -> 
  custom:audio-encoder-webm-vorbis: bf7c407c2cedff20999df2af8eb42d56 -> 
========================================================================
Received Prepare
Refreshing native plugins compatible for Editor in 22.16 ms, found 12 plugins.
Preloading 0 native plugins for Editor in 0.00 ms.
Unloading 43 Unused Serialized files (Serialized files now loaded: 0)
System memory in use before: 78.5 MB.
System memory in use after: 78.8 MB.

Unloading 43 unused Assets to reduce memory usage. Loaded Objects now: 4473.
Total: 4.337700 ms (FindLiveObjects: 0.531900 ms CreateObjectMapping: 0.465600 ms MarkObjects: 3.238100 ms  DeleteObjects: 0.101000 ms)

AssetImportParameters requested are different than current active one (requested -> active):
  custom:framework-win-MediaFoundation: 216162199b28c13a410421893ffa2e32 -> 
  custom:video-decoder-ogg-theora: a1e56fd34408186e4bbccfd4996cb3dc -> 
  custom:container-muxer-webm: aa71ff27fc2769a1b78a27578f13a17b -> 
  custom:container-demuxer-webm: 4f35f7cbe854078d1ac9338744f61a02 -> 
  custom:container-demuxer-ogg: 62fdf1f143b41e24485cea50d1cbac27 -> 
  custom:video-encoder-webm-vp8: eb34c28f22e8b96e1ab97ce403110664 -> 
  custom:video-decoder-webm-vp8: 9c59270c3fd7afecdb556c50c9e8de78 -> 
  custom:audio-decoder-ogg-vorbis: bf7c407c2cedff20999df2af8eb42d56 -> 
  custom:audio-encoder-webm-vorbis: bf7c407c2cedff20999df2af8eb42d56 -> 
========================================================================
Received Import Request.
  Time since last request: 5179.254614 seconds.
  path: Assets/ChangeableMat.mat
  artifactKey: Guid(a0696f4b71dc2ed489454e9fd0433d61) Importer(815301076,1909f56bfc062723c751e8b465ee728b)
Start importing Assets/ChangeableMat.mat using Guid(a0696f4b71dc2ed489454e9fd0433d61) Importer(815301076,1909f56bfc062723c751e8b465ee728b)  -> (artifact id: '9870b1fab0163d1ea9bbe3e6287560fe') in 1.156190 seconds 
========================================================================
Received Import Request.
  Time since last request: 0.001086 seconds.
  path: Assets/Todo List Manager.prefab
  artifactKey: Guid(abb84e35cf7ae7d4dbc860a6bc843a4f) Importer(815301076,1909f56bfc062723c751e8b465ee728b)
Start importing Assets/Todo List Manager.prefab using Guid(abb84e35cf7ae7d4dbc860a6bc843a4f) Importer(815301076,1909f56bfc062723c751e8b465ee728b)  -> (artifact id: '9896eb7f7436975a9b711764aab55515') in 1.259722 seconds 
AssetImportWorkerClient::OnTransportError - code=2 error=End of file
